This is pdfTeX, Version 3.14159265-2.6-1.40.20 (MiKTeX 2.9.7250 64-bit) (preloaded format=pdflatex 2020.1.7)  7 JAN 2020 12:59
entering extended mode
**./SPS_Programm.tex
(SPS_Programm.tex
LaTeX2e <2019-10-01> patch level 3
(C:\Users\Admin\AppData\Roaming\MiKTeX\2.9\tex/latex/koma-script\scrartcl.cls
Document Class: scrartcl 2019/10/12 v3.27 KOMA-Script document class (article)
(C:\Users\Admin\AppData\Roaming\MiKTeX\2.9\tex/latex/koma-script\scrkbase.sty
Package: scrkbase 2019/10/12 v3.27 KOMA-Script package (KOMA-Script-dependent b
asics and keyval usage)

(C:\Users\Admin\AppData\Roaming\MiKTeX\2.9\tex/latex/koma-script\scrbase.sty
Package: scrbase 2019/10/12 v3.27 KOMA-Script package (KOMA-Script-independent 
basics and keyval usage)

("C:\Program Files\MiKTeX 2.9\tex/latex/graphics\keyval.sty"
Package: keyval 2014/10/28 v1.15 key=value parser (DPC)
\KV@toks@=\toks14
)
(C:\Users\Admin\AppData\Roaming\MiKTeX\2.9\tex/latex/koma-script\scrlfile.sty
Package: scrlfile 2019/10/12 v3.27 KOMA-Script package (loading files)
))) (C:\Users\Admin\AppData\Roaming\MiKTeX\2.9\tex/latex/koma-script\tocbasic.s
ty
Package: tocbasic 2019/10/12 v3.27 KOMA-Script package (handling toc-files)
\scr@dte@tocline@numberwidth=\skip41
\scr@dte@tocline@numbox=\box27
)
Package tocbasic Info: omitting babel extension for `toc'
(tocbasic)             because of feature `nobabel' available
(tocbasic)             for `toc' on input line 137.
Class scrartcl Info: File `scrsize11pt.clo' used instead of
(scrartcl)           file `scrsize11.clo' to setup font sizes on input line 220
8.

(C:\Users\Admin\AppData\Roaming\MiKTeX\2.9\tex/latex/koma-script\scrsize11pt.cl
o
File: scrsize11pt.clo 2019/10/12 v3.27 KOMA-Script font size class option (11pt
)
)
(C:\Users\Admin\AppData\Roaming\MiKTeX\2.9\tex/latex/koma-script\typearea.sty
Package: typearea 2019/10/12 v3.27 KOMA-Script package (type area)
\ta@bcor=\skip42
\ta@div=\count80
\ta@hblk=\skip43
\ta@vblk=\skip44
\ta@temp=\skip45
\footheight=\skip46
Package typearea Info: These are the values describing the layout:
(typearea)             DIV  = 10
(typearea)             BCOR = 0.0pt
(typearea)             \paperwidth      = 597.50793pt
(typearea)              \textwidth      = 418.25555pt
(typearea)              DIV departure   = -6%
(typearea)              \evensidemargin = 17.3562pt
(typearea)              \oddsidemargin  = 17.3562pt
(typearea)             \paperheight     = 845.04694pt
(typearea)              \textheight     = 595.80026pt
(typearea)              \topmargin      = -25.16531pt
(typearea)              \headheight     = 17.0pt
(typearea)              \headsep        = 20.40001pt
(typearea)              \topskip        = 11.0pt
(typearea)              \footskip       = 47.6pt
(typearea)              \baselineskip   = 13.6pt
(typearea)              on input line 1716.
)
\c@part=\count81
\c@section=\count82
\c@subsection=\count83
\c@subsubsection=\count84
\c@paragraph=\count85
\c@subparagraph=\count86
\scr@dte@section@maxnumwidth=\skip47
Class scrartcl Info: using compatibility default `runin=bysign'
(scrartcl)           for `\section on input line 4702.
Class scrartcl Info: using compatibility default `afterindent=bysign'
(scrartcl)           for `\section on input line 4702.
\scr@dte@part@maxnumwidth=\skip48
Class scrartcl Info: using compatibility default `afterindent=false'
(scrartcl)           for `\part on input line 4710.
\scr@dte@subsection@maxnumwidth=\skip49
Class scrartcl Info: using compatibility default `runin=bysign'
(scrartcl)           for `\subsection on input line 4720.
Class scrartcl Info: using compatibility default `afterindent=bysign'
(scrartcl)           for `\subsection on input line 4720.
\scr@dte@subsubsection@maxnumwidth=\skip50
Class scrartcl Info: using compatibility default `runin=bysign'
(scrartcl)           for `\subsubsection on input line 4730.
Class scrartcl Info: using compatibility default `afterindent=bysign'
(scrartcl)           for `\subsubsection on input line 4730.
\scr@dte@paragraph@maxnumwidth=\skip51
Class scrartcl Info: using compatibility default `runin=bysign'
(scrartcl)           for `\paragraph on input line 4740.
Class scrartcl Info: using compatibility default `afterindent=bysign'
(scrartcl)           for `\paragraph on input line 4740.
\scr@dte@subparagraph@maxnumwidth=\skip52
Class scrartcl Info: using compatibility default `runin=bysign'
(scrartcl)           for `\subparagraph on input line 4750.
Class scrartcl Info: using compatibility default `afterindent=bysign'
(scrartcl)           for `\subparagraph on input line 4750.
\abovecaptionskip=\skip53
\belowcaptionskip=\skip54
\c@pti@nb@sid@b@x=\box28
Package tocbasic Info: omitting babel extension for `lof'
(tocbasic)             because of feature `nobabel' available
(tocbasic)             for `lof' on input line 5969.
\scr@dte@figure@maxnumwidth=\skip55
\c@figure=\count87
Package tocbasic Info: omitting babel extension for `lot'
(tocbasic)             because of feature `nobabel' available
(tocbasic)             for `lot' on input line 5981.
\scr@dte@table@maxnumwidth=\skip56
\c@table=\count88
Class scrartcl Info: Redefining `\numberline' on input line 6145.
\bibindent=\dimen102
) ("C:\Program Files\MiKTeX 2.9\tex/generic/babel\babel.sty"
Package: babel 2019/12/08 3.37 The Babel package

("C:\Program Files\MiKTeX 2.9\tex/generic/babel\switch.def"
File: switch.def 2019/12/08 3.37 Babel switching mechanism
)
*************************************
* Local config file bblopts.cfg used
*
(C:\Users\Admin\AppData\Roaming\MiKTeX\2.9\tex/latex/arabi\bblopts.cfg
File: bblopts.cfg 2005/09/08 v0.1 add Arabic and Farsi to "declared" options of
 babel
)
("C:\Program Files\MiKTeX 2.9\tex/latex/babel-german\ngerman.ldf"
Language: ngerman 2018/12/08 v2.11 German support for babel (post-1996 orthogra
phy)

("C:\Program Files\MiKTeX 2.9\tex/latex/babel-german\ngermanb.ldf"
Language: ngermanb 2018/12/08 v2.11 German support for babel (post-1996 orthogr
aphy)

("C:\Program Files\MiKTeX 2.9\tex/generic/babel\babel.def"
File: babel.def 2019/12/08 3.37 Babel common definitions
\babel@savecnt=\count89
\U@D=\dimen103

("C:\Program Files\MiKTeX 2.9\tex/generic/babel\txtbabel.def")
\bbl@dirlevel=\count90
)
Package babel Info: Making " an active character on input line 121.
)))
("C:\Program Files\MiKTeX 2.9\tex/latex/base\inputenc.sty"
Package: inputenc 2018/08/11 v1.3c Input encoding file
\inpenc@prehook=\toks15
\inpenc@posthook=\toks16
)
("C:\Program Files\MiKTeX 2.9\tex/latex/base\fontenc.sty"
Package: fontenc 2018/08/11 v2.0j Standard LaTeX package

("C:\Program Files\MiKTeX 2.9\tex/latex/base\t1enc.def"
File: t1enc.def 2018/08/11 v2.0j Standard LaTeX file
LaTeX Font Info:    Redeclaring font encoding T1 on input line 48.
))
("C:\Program Files\MiKTeX 2.9\tex/latex/ulem\ulem.sty"
\UL@box=\box29
\UL@hyphenbox=\box30
\UL@skip=\skip57
\UL@hook=\toks17
\UL@height=\dimen104
\UL@pe=\count91
\UL@pixel=\dimen105
\ULC@box=\box31
Package: ulem 2012/05/18
\ULdepth=\dimen106
)
("C:\Program Files\MiKTeX 2.9\tex/latex/pdfpages\pdfpages.sty"
Package: pdfpages 2019/12/17 v0.5p Insert pages of external PDF documents (AM)

("C:\Program Files\MiKTeX 2.9\tex/latex/base\ifthen.sty"
Package: ifthen 2014/09/29 v1.1c Standard LaTeX ifthen package (DPC)
)
("C:\Program Files\MiKTeX 2.9\tex/latex/tools\calc.sty"
Package: calc 2017/05/25 v4.3 Infix arithmetic (KKT,FJ)
\calc@Acount=\count92
\calc@Bcount=\count93
\calc@Adimen=\dimen107
\calc@Bdimen=\dimen108
\calc@Askip=\skip58
\calc@Bskip=\skip59
LaTeX Info: Redefining \setlength on input line 80.
LaTeX Info: Redefining \addtolength on input line 81.
\calc@Ccount=\count94
\calc@Cskip=\skip60
)
(C:\Users\Admin\AppData\Roaming\MiKTeX\2.9\tex/latex/eso-pic\eso-pic.sty
Package: eso-pic 2018/04/12 v2.0h eso-pic (RN)

(C:\Users\Admin\AppData\Roaming\MiKTeX\2.9\tex/generic/atbegshi\atbegshi.sty
Package: atbegshi 2019/12/05 v1.19 At begin shipout hook (HO)

(C:\Users\Admin\AppData\Roaming\MiKTeX\2.9\tex/generic/infwarerr\infwarerr.sty
Package: infwarerr 2019/12/03 v1.5 Providing info/warning/error messages (HO)
) (C:\Users\Admin\AppData\Roaming\MiKTeX\2.9\tex/generic/ltxcmds\ltxcmds.sty
Package: ltxcmds 2019/12/15 v1.24 LaTeX kernel commands for general use (HO)
)
(C:\Users\Admin\AppData\Roaming\MiKTeX\2.9\tex/generic/iftex\iftex.sty
Package: iftex 2019/11/07 v1.0c TeX engine tests
))
(C:\Users\Admin\AppData\Roaming\MiKTeX\2.9\tex/latex/xcolor\xcolor.sty
Package: xcolor 2016/05/11 v2.12 LaTeX color extensions (UK)

("C:\Program Files\MiKTeX 2.9\tex/latex/graphics-cfg\color.cfg"
File: color.cfg 2016/01/02 v1.6 sample color configuration
)
Package xcolor Info: Driver file: pdftex.def on input line 225.

("C:\Program Files\MiKTeX 2.9\tex/latex/graphics-def\pdftex.def"
File: pdftex.def 2018/01/08 v1.0l Graphics/color driver for pdftex
)
Package xcolor Info: Model `cmy' substituted by `cmy0' on input line 1348.
Package xcolor Info: Model `hsb' substituted by `rgb' on input line 1352.
Package xcolor Info: Model `RGB' extended on input line 1364.
Package xcolor Info: Model `HTML' substituted by `rgb' on input line 1366.
Package xcolor Info: Model `Hsb' substituted by `hsb' on input line 1367.
Package xcolor Info: Model `tHsb' substituted by `hsb' on input line 1368.
Package xcolor Info: Model `HSB' substituted by `hsb' on input line 1369.
Package xcolor Info: Model `Gray' substituted by `gray' on input line 1370.
Package xcolor Info: Model `wave' substituted by `hsb' on input line 1371.
))
("C:\Program Files\MiKTeX 2.9\tex/latex/graphics\graphicx.sty"
Package: graphicx 2017/06/01 v1.1a Enhanced LaTeX Graphics (DPC,SPQR)

("C:\Program Files\MiKTeX 2.9\tex/latex/graphics\graphics.sty"
Package: graphics 2019/11/01 v1.3d Standard LaTeX Graphics (DPC,SPQR)

("C:\Program Files\MiKTeX 2.9\tex/latex/graphics\trig.sty"
Package: trig 2016/01/03 v1.10 sin cos tan (DPC)
)
("C:\Program Files\MiKTeX 2.9\tex/latex/graphics-cfg\graphics.cfg"
File: graphics.cfg 2016/06/04 v1.11 sample graphics configuration
)
Package graphics Info: Driver file: pdftex.def on input line 105.
)
\Gin@req@height=\dimen109
\Gin@req@width=\dimen110
)
\AM@pagewidth=\dimen111
\AM@pageheight=\dimen112

("C:\Program Files\MiKTeX 2.9\tex/latex/pdfpages\pppdftex.def"
File: pppdftex.def 2019/12/17 v0.5p Pdfpages driver for pdfTeX (AM)
)
\AM@pagebox=\box32
\AM@global@opts=\toks18
\AM@toc@title=\toks19
\c@AM@survey=\count95
\AM@templatesizebox=\box33
)
("C:\Program Files\MiKTeX 2.9\tex/latex/hyperref\hyperref.sty"
Package: hyperref 2019/11/10 v7.00c Hypertext links for LaTeX

(C:\Users\Admin\AppData\Roaming\MiKTeX\2.9\tex/latex/pdftexcmds\pdftexcmds.sty
Package: pdftexcmds 2019/11/24 v0.31 Utility functions of pdfTeX for LuaTeX (HO
)
Package pdftexcmds Info: \pdf@primitive is available.
Package pdftexcmds Info: \pdf@ifprimitive is available.
Package pdftexcmds Info: \pdfdraftmode found.
) (C:\Users\Admin\AppData\Roaming\MiKTeX\2.9\tex/generic/kvsetkeys\kvsetkeys.st
y
Package: kvsetkeys 2019/12/15 v1.18 Key value parser (HO)
)
(C:\Users\Admin\AppData\Roaming\MiKTeX\2.9\tex/generic/kvdefinekeys\kvdefinekey
s.sty
Package: kvdefinekeys 2019-12-19 v1.6 Define keys (HO)
)
(C:\Users\Admin\AppData\Roaming\MiKTeX\2.9\tex/generic/pdfescape\pdfescape.sty
Package: pdfescape 2019/12/09 v1.15 Implements pdfTeX's escape features (HO)
) (C:\Users\Admin\AppData\Roaming\MiKTeX\2.9\tex/latex/hycolor\hycolor.sty
Package: hycolor 2019/12/15 v1.9 Color options for hyperref/bookmark (HO)

(C:\Users\Admin\AppData\Roaming\MiKTeX\2.9\tex/latex/hycolor\xcolor-patch.sty
Package: xcolor-patch 2019/12/15 xcolor patch

("C:\Program Files\MiKTeX 2.9\tex/latex/oberdiek\hopatch.sty"
Package: hopatch 2016/05/16 v1.3 Wrapper for package hooks (HO)
)))
(C:\Users\Admin\AppData\Roaming\MiKTeX\2.9\tex/latex/letltxmacro\letltxmacro.st
y
Package: letltxmacro 2019/12/03 v1.6 Let assignment for LaTeX macros (HO)
) (C:\Users\Admin\AppData\Roaming\MiKTeX\2.9\tex/latex/auxhook\auxhook.sty
Package: auxhook 2019-12-17 v1.6 Hooks for auxiliary files (HO)
)
(C:\Users\Admin\AppData\Roaming\MiKTeX\2.9\tex/latex/kvoptions\kvoptions.sty
Package: kvoptions 2019/11/29 v3.13 Key value format for package options (HO)
)
\@linkdim=\dimen113
\Hy@linkcounter=\count96
\Hy@pagecounter=\count97

("C:\Program Files\MiKTeX 2.9\tex/latex/hyperref\pd1enc.def"
File: pd1enc.def 2019/11/10 v7.00c Hyperref: PDFDocEncoding definition (HO)
Now handling font encoding PD1 ...
... no UTF-8 mapping file for font encoding PD1
)
(C:\Users\Admin\AppData\Roaming\MiKTeX\2.9\tex/generic/intcalc\intcalc.sty
Package: intcalc 2019/12/15 v1.3 Expandable calculations with integers (HO)
)
(C:\Users\Admin\AppData\Roaming\MiKTeX\2.9\tex/generic/etexcmds\etexcmds.sty
Package: etexcmds 2019/12/15 v1.7 Avoid name clashes with e-TeX commands (HO)
)
\Hy@SavedSpaceFactor=\count98

("C:\Program Files\MiKTeX 2.9\tex/latex/00miktex\hyperref.cfg"
File: hyperref.cfg 2002/06/06 v1.2 hyperref configuration of TeXLive
)
Package hyperref Info: Hyper figures OFF on input line 4535.
Package hyperref Info: Link nesting OFF on input line 4540.
Package hyperref Info: Hyper index ON on input line 4543.
Package hyperref Info: Plain pages OFF on input line 4550.
Package hyperref Info: Backreferencing OFF on input line 4555.
Package hyperref Info: Implicit mode ON; LaTeX internals redefined.
Package hyperref Info: Bookmarks ON on input line 4788.
\c@Hy@tempcnt=\count99

(C:\Users\Admin\AppData\Roaming\MiKTeX\2.9\tex/latex/url\url.sty
\Urlmuskip=\muskip10
Package: url 2013/09/16  ver 3.4  Verb mode for urls, etc.
)
LaTeX Info: Redefining \url on input line 5147.
\XeTeXLinkMargin=\dimen114

(C:\Users\Admin\AppData\Roaming\MiKTeX\2.9\tex/generic/bitset\bitset.sty
Package: bitset 2019/12/09 v1.3 Handle bit-vector datatype (HO)

(C:\Users\Admin\AppData\Roaming\MiKTeX\2.9\tex/generic/bigintcalc\bigintcalc.st
y
Package: bigintcalc 2019/12/15 v1.5 Expandable calculations on big integers (HO
)
))
\Fld@menulength=\count100
\Field@Width=\dimen115
\Fld@charsize=\dimen116
Package hyperref Info: Hyper figures OFF on input line 6418.
Package hyperref Info: Link nesting OFF on input line 6423.
Package hyperref Info: Hyper index ON on input line 6426.
Package hyperref Info: backreferencing OFF on input line 6433.
Package hyperref Info: Link coloring OFF on input line 6438.
Package hyperref Info: Link coloring with OCG OFF on input line 6443.
Package hyperref Info: PDF/A mode OFF on input line 6448.
LaTeX Info: Redefining \ref on input line 6488.
LaTeX Info: Redefining \pageref on input line 6492.
\Hy@abspage=\count101
\c@Item=\count102
\c@Hfootnote=\count103
)
Package hyperref Info: Driver (autodetected): hpdftex.
 ("C:\Program Files\MiKTeX 2.9\tex/latex/hyperref\hpdftex.def"
File: hpdftex.def 2019/11/10 v7.00c Hyperref driver for pdfTeX

(C:\Users\Admin\AppData\Roaming\MiKTeX\2.9\tex/latex/atveryend\atveryend.sty
Package: atveryend 2019-12-11 v1.11 Hooks at the very end of document (HO)
Package atveryend Info: \enddocument detected (standard20110627).
)
\Fld@listcount=\count104
\c@bookmark@seq@number=\count105

(C:\Users\Admin\AppData\Roaming\MiKTeX\2.9\tex/latex/rerunfilecheck\rerunfilech
eck.sty
Package: rerunfilecheck 2019/12/05 v1.9 Rerun checks for auxiliary files (HO)

(C:\Users\Admin\AppData\Roaming\MiKTeX\2.9\tex/generic/uniquecounter\uniquecoun
ter.sty
Package: uniquecounter 2019/12/15 v1.4 Provide unlimited unique counter (HO)
)
Package uniquecounter Info: New unique counter `rerunfilecheck' on input line 2
86.
)
\Hy@SectionHShift=\skip61
)
(C:\Users\Admin\Desktop\Projekt_Fachakademie\_LATEX\auxFiles\SPS_Programm.aux)
\openout1 = `SPS_Programm.aux'.

LaTeX Font Info:    Checking defaults for OML/cmm/m/it on input line 20.
LaTeX Font Info:    ... okay on input line 20.
LaTeX Font Info:    Checking defaults for T1/cmr/m/n on input line 20.
LaTeX Font Info:    ... okay on input line 20.
LaTeX Font Info:    Checking defaults for OT1/cmr/m/n on input line 20.
LaTeX Font Info:    ... okay on input line 20.
LaTeX Font Info:    Checking defaults for OMS/cmsy/m/n on input line 20.
LaTeX Font Info:    ... okay on input line 20.
LaTeX Font Info:    Checking defaults for OMX/cmex/m/n on input line 20.
LaTeX Font Info:    ... okay on input line 20.
LaTeX Font Info:    Checking defaults for U/cmr/m/n on input line 20.
LaTeX Font Info:    ... okay on input line 20.
LaTeX Font Info:    Checking defaults for PD1/pdf/m/n on input line 20.
LaTeX Font Info:    ... okay on input line 20.
\AtBeginShipoutBox=\box34

(C:\Users\Admin\AppData\Roaming\MiKTeX\2.9\tex/context/base/mkii\supp-pdf.mkii
[Loading MPS to PDF converter (version 2006.09.02).]
\scratchcounter=\count106
\scratchdimen=\dimen117
\scratchbox=\box35
\nofMPsegments=\count107
\nofMParguments=\count108
\everyMPshowfont=\toks20
\MPscratchCnt=\count109
\MPscratchDim=\dimen118
\MPnumerator=\count110
\makeMPintoPDFobject=\count111
\everyMPtoPDFconversion=\toks21
)
(C:\Users\Admin\AppData\Roaming\MiKTeX\2.9\tex/latex/epstopdf-pkg\epstopdf-base
.sty
Package: epstopdf-base 2019-12-09 v2.10 Base part for package epstopdf
Package epstopdf-base Info: Redefining graphics rule for `.eps' on input line 4
85.
)
(C:\Users\Admin\AppData\Roaming\MiKTeX\2.9\tex/latex/pdflscape\pdflscape.sty
Package: pdflscape 2019/12/05 v0.12 Display of landscape pages in PDF (HO)

("C:\Program Files\MiKTeX 2.9\tex/latex/graphics\lscape.sty"
Package: lscape 2000/10/22 v3.01 Landscape Pages (DPC)
)
Package pdflscape Info: Auto-detected driver: pdftex on input line 81.
)
Package hyperref Info: Link coloring OFF on input line 20.

("C:\Program Files\MiKTeX 2.9\tex/latex/hyperref\nameref.sty"
Package: nameref 2019/09/16 v2.46 Cross-referencing by name of section

(C:\Users\Admin\AppData\Roaming\MiKTeX\2.9\tex/latex/refcount\refcount.sty
Package: refcount 2019/12/15 v3.6 Data extraction from label references (HO)
)
(C:\Users\Admin\AppData\Roaming\MiKTeX\2.9\tex/generic/gettitlestring\gettitles
tring.sty
Package: gettitlestring 2019/12/15 v1.6 Cleanup title references (HO)
)
\c@section@level=\count112
)
LaTeX Info: Redefining \ref on input line 20.
LaTeX Info: Redefining \pageref on input line 20.
LaTeX Info: Redefining \nameref on input line 20.

(C:\Users\Admin\Desktop\Projekt_Fachakademie\_LATEX\auxFiles\SPS_Programm.out)
(C:\Users\Admin\Desktop\Projekt_Fachakademie\_LATEX\auxFiles\SPS_Programm.out)
\@outlinefile=\write3
\openout3 = `SPS_Programm.out'.

Class scrartcl Info: loading recommended package `bookmark'.
(scrartcl)           Using `bookmark' together with `hyperref' is recommended,
(scrartcl)           because of handling of possible bookmark level gaps.
(scrartcl)           You can avoid loading `bookmark' with KOMA-Script option
(scrartcl)           `bookmarkpackage=false' before \begin{document} and
(scrartcl)           you can avoid this message adding:
(scrartcl)             \usepackage{bookmark}
(scrartcl)           before \begin{document} on input line 20.

(C:\Users\Admin\AppData\Roaming\MiKTeX\2.9\tex/latex/bookmark\bookmark.sty
Package: bookmark 2019/12/03 v1.28 PDF bookmarks (HO)

(C:\Users\Admin\AppData\Roaming\MiKTeX\2.9\tex/latex/bookmark\bkm-pdftex.def
File: bkm-pdftex.def 2019/12/03 v1.28 bookmark driver for pdfTeX (HO)
Package auxhook Info: \AddLineBeginMainAux comes a little late,
(auxhook)             because the main .aux file is already opened on input lin
e 168.
\BKM@id=\count113
))
Underfull \hbox (badness 10000) in paragraph at lines 26--32

 []


Underfull \hbox (badness 10000) in paragraph at lines 26--32

 []


Underfull \hbox (badness 10000) in paragraph at lines 26--32

 []



pdfTeX warning: pdflatex.exe (file ../PROGRAMM/EinzelnePdfs/GlobaleDaten_DB10.p
df): PDF inclusion: found PDF version <1.7>, but at most version <1.5> allowed
<../PROGRAMM/EinzelnePdfs/GlobaleDaten_DB10.pdf, id=10, 845.07724pt x 1194.9844
7pt>
File: ../PROGRAMM/EinzelnePdfs/GlobaleDaten_DB10.pdf Graphic file (type pdf)
<use ../PROGRAMM/EinzelnePdfs/GlobaleDaten_DB10.pdf>
Package pdftex.def Info: ../PROGRAMM/EinzelnePdfs/GlobaleDaten_DB10.pdf  used o
n input line 46.
(pdftex.def)             Requested size: 845.07518pt x 1194.98155pt.


pdfTeX warning: pdflatex.exe (file ../PROGRAMM/EinzelnePdfs/GlobaleDaten_DB10.p
df): PDF inclusion: found PDF version <1.7>, but at most version <1.5> allowed
File: ../PROGRAMM/EinzelnePdfs/GlobaleDaten_DB10.pdf Graphic file (type pdf)
<use ../PROGRAMM/EinzelnePdfs/GlobaleDaten_DB10.pdf>
Package pdftex.def Info: ../PROGRAMM/EinzelnePdfs/GlobaleDaten_DB10.pdf  used o
n input line 46.
(pdftex.def)             Requested size: 845.07518pt x 1194.98155pt.


pdfTeX warning: pdflatex.exe (file ../PROGRAMM/EinzelnePdfs/GlobaleDaten_DB10.p
df): PDF inclusion: found PDF version <1.7>, but at most version <1.5> allowed


pdfTeX warning: pdflatex.exe (file ../PROGRAMM/EinzelnePdfs/GlobaleDaten_DB10.p
df): PDF inclusion: found PDF version <1.7>, but at most version <1.5> allowed
<../PROGRAMM/EinzelnePdfs/GlobaleDaten_DB10.pdf, id=13, page=1, 845.07724pt x 1
194.98447pt>
File: ../PROGRAMM/EinzelnePdfs/GlobaleDaten_DB10.pdf Graphic file (type pdf)
<use ../PROGRAMM/EinzelnePdfs/GlobaleDaten_DB10.pdf, page 1>
Package pdftex.def Info: ../PROGRAMM/EinzelnePdfs/GlobaleDaten_DB10.pdf , page1
 used on input line 46.
(pdftex.def)             Requested size: 845.07518pt x 1194.98155pt.
File: ../PROGRAMM/EinzelnePdfs/GlobaleDaten_DB10.pdf Graphic file (type pdf)
<use ../PROGRAMM/EinzelnePdfs/GlobaleDaten_DB10.pdf, page 1>
Package pdftex.def Info: ../PROGRAMM/EinzelnePdfs/GlobaleDaten_DB10.pdf , page1
 used on input line 46.
(pdftex.def)             Requested size: 676.06271pt x 955.98888pt.
[1

{C:/Users/Admin/AppData/Local/MiKTeX/2.9/pdftex/config/pdftex.map}]
File: ../PROGRAMM/EinzelnePdfs/GlobaleDaten_DB10.pdf Graphic file (type pdf)
<use ../PROGRAMM/EinzelnePdfs/GlobaleDaten_DB10.pdf, page 1>
Package pdftex.def Info: ../PROGRAMM/EinzelnePdfs/GlobaleDaten_DB10.pdf , page1
 used on input line 46.
(pdftex.def)             Requested size: 676.06271pt x 955.98888pt.
File: ../PROGRAMM/EinzelnePdfs/GlobaleDaten_DB10.pdf Graphic file (type pdf)
<use ../PROGRAMM/EinzelnePdfs/GlobaleDaten_DB10.pdf, page 1>
Package pdftex.def Info: ../PROGRAMM/EinzelnePdfs/GlobaleDaten_DB10.pdf , page1
 used on input line 46.
(pdftex.def)             Requested size: 676.06271pt x 955.98888pt.
File: ../PROGRAMM/EinzelnePdfs/GlobaleDaten_DB10.pdf Graphic file (type pdf)
<use ../PROGRAMM/EinzelnePdfs/GlobaleDaten_DB10.pdf, page 1>
Package pdftex.def Info: ../PROGRAMM/EinzelnePdfs/GlobaleDaten_DB10.pdf , page1
 used on input line 46.
(pdftex.def)             Requested size: 676.06271pt x 955.98888pt.
 [2 <../PROGRAMM/EinzelnePdfs/GlobaleDaten_DB10.pdf>]

pdfTeX warning: pdflatex.exe (file ../PROGRAMM/EinzelnePdfs/GlobaleDaten_DB10.p
df): PDF inclusion: found PDF version <1.7>, but at most version <1.5> allowed
<../PROGRAMM/EinzelnePdfs/GlobaleDaten_DB10.pdf, id=58, page=2, 845.07724pt x 1
194.98447pt>
File: ../PROGRAMM/EinzelnePdfs/GlobaleDaten_DB10.pdf Graphic file (type pdf)
<use ../PROGRAMM/EinzelnePdfs/GlobaleDaten_DB10.pdf, page 2>
Package pdftex.def Info: ../PROGRAMM/EinzelnePdfs/GlobaleDaten_DB10.pdf , page2
 used on input line 46.
(pdftex.def)             Requested size: 676.06271pt x 955.98888pt.
File: ../PROGRAMM/EinzelnePdfs/GlobaleDaten_DB10.pdf Graphic file (type pdf)
<use ../PROGRAMM/EinzelnePdfs/GlobaleDaten_DB10.pdf, page 2>
Package pdftex.def Info: ../PROGRAMM/EinzelnePdfs/GlobaleDaten_DB10.pdf , page2
 used on input line 46.
(pdftex.def)             Requested size: 676.06271pt x 955.98888pt.
File: ../PROGRAMM/EinzelnePdfs/GlobaleDaten_DB10.pdf Graphic file (type pdf)
<use ../PROGRAMM/EinzelnePdfs/GlobaleDaten_DB10.pdf, page 2>
Package pdftex.def Info: ../PROGRAMM/EinzelnePdfs/GlobaleDaten_DB10.pdf , page2
 used on input line 46.
(pdftex.def)             Requested size: 676.06271pt x 955.98888pt.
[3 <../PROGRAMM/EinzelnePdfs/GlobaleDaten_DB10.pdf>]

pdfTeX warning: pdflatex.exe (file ../PROGRAMM/EinzelnePdfs/GlobaleDaten_DB10.p
df): PDF inclusion: found PDF version <1.7>, but at most version <1.5> allowed
<../PROGRAMM/EinzelnePdfs/GlobaleDaten_DB10.pdf, id=64, page=3, 845.07724pt x 1
194.98447pt>
File: ../PROGRAMM/EinzelnePdfs/GlobaleDaten_DB10.pdf Graphic file (type pdf)
<use ../PROGRAMM/EinzelnePdfs/GlobaleDaten_DB10.pdf, page 3>
Package pdftex.def Info: ../PROGRAMM/EinzelnePdfs/GlobaleDaten_DB10.pdf , page3
 used on input line 46.
(pdftex.def)             Requested size: 676.06271pt x 955.98888pt.
File: ../PROGRAMM/EinzelnePdfs/GlobaleDaten_DB10.pdf Graphic file (type pdf)
<use ../PROGRAMM/EinzelnePdfs/GlobaleDaten_DB10.pdf, page 3>
Package pdftex.def Info: ../PROGRAMM/EinzelnePdfs/GlobaleDaten_DB10.pdf , page3
 used on input line 46.
(pdftex.def)             Requested size: 676.06271pt x 955.98888pt.
File: ../PROGRAMM/EinzelnePdfs/GlobaleDaten_DB10.pdf Graphic file (type pdf)
<use ../PROGRAMM/EinzelnePdfs/GlobaleDaten_DB10.pdf, page 3>
Package pdftex.def Info: ../PROGRAMM/EinzelnePdfs/GlobaleDaten_DB10.pdf , page3
 used on input line 46.
(pdftex.def)             Requested size: 676.06271pt x 955.98888pt.
[4 <../PROGRAMM/EinzelnePdfs/GlobaleDaten_DB10.pdf>]

pdfTeX warning: pdflatex.exe (file ../PROGRAMM/EinzelnePdfs/GlobaleDaten_DB10.p
df): PDF inclusion: found PDF version <1.7>, but at most version <1.5> allowed
<../PROGRAMM/EinzelnePdfs/GlobaleDaten_DB10.pdf, id=70, page=4, 845.07724pt x 1
194.98447pt>
File: ../PROGRAMM/EinzelnePdfs/GlobaleDaten_DB10.pdf Graphic file (type pdf)
<use ../PROGRAMM/EinzelnePdfs/GlobaleDaten_DB10.pdf, page 4>
Package pdftex.def Info: ../PROGRAMM/EinzelnePdfs/GlobaleDaten_DB10.pdf , page4
 used on input line 46.
(pdftex.def)             Requested size: 676.06271pt x 955.98888pt.
File: ../PROGRAMM/EinzelnePdfs/GlobaleDaten_DB10.pdf Graphic file (type pdf)
<use ../PROGRAMM/EinzelnePdfs/GlobaleDaten_DB10.pdf, page 4>
Package pdftex.def Info: ../PROGRAMM/EinzelnePdfs/GlobaleDaten_DB10.pdf , page4
 used on input line 46.
(pdftex.def)             Requested size: 676.06271pt x 955.98888pt.
File: ../PROGRAMM/EinzelnePdfs/GlobaleDaten_DB10.pdf Graphic file (type pdf)
<use ../PROGRAMM/EinzelnePdfs/GlobaleDaten_DB10.pdf, page 4>
Package pdftex.def Info: ../PROGRAMM/EinzelnePdfs/GlobaleDaten_DB10.pdf , page4
 used on input line 46.
(pdftex.def)             Requested size: 676.06271pt x 955.98888pt.
[5 <../PROGRAMM/EinzelnePdfs/GlobaleDaten_DB10.pdf>]

pdfTeX warning: pdflatex.exe (file ../PROGRAMM/EinzelnePdfs/GlobaleDaten_DB10.p
df): PDF inclusion: found PDF version <1.7>, but at most version <1.5> allowed
<../PROGRAMM/EinzelnePdfs/GlobaleDaten_DB10.pdf, id=76, page=5, 845.07724pt x 1
194.98447pt>
File: ../PROGRAMM/EinzelnePdfs/GlobaleDaten_DB10.pdf Graphic file (type pdf)
<use ../PROGRAMM/EinzelnePdfs/GlobaleDaten_DB10.pdf, page 5>
Package pdftex.def Info: ../PROGRAMM/EinzelnePdfs/GlobaleDaten_DB10.pdf , page5
 used on input line 46.
(pdftex.def)             Requested size: 676.06271pt x 955.98888pt.
File: ../PROGRAMM/EinzelnePdfs/GlobaleDaten_DB10.pdf Graphic file (type pdf)
<use ../PROGRAMM/EinzelnePdfs/GlobaleDaten_DB10.pdf, page 5>
Package pdftex.def Info: ../PROGRAMM/EinzelnePdfs/GlobaleDaten_DB10.pdf , page5
 used on input line 46.
(pdftex.def)             Requested size: 676.06271pt x 955.98888pt.
File: ../PROGRAMM/EinzelnePdfs/GlobaleDaten_DB10.pdf Graphic file (type pdf)
<use ../PROGRAMM/EinzelnePdfs/GlobaleDaten_DB10.pdf, page 5>
Package pdftex.def Info: ../PROGRAMM/EinzelnePdfs/GlobaleDaten_DB10.pdf , page5
 used on input line 46.
(pdftex.def)             Requested size: 676.06271pt x 955.98888pt.
[6 <../PROGRAMM/EinzelnePdfs/GlobaleDaten_DB10.pdf>]

pdfTeX warning: pdflatex.exe (file ../PROGRAMM/EinzelnePdfs/GlobaleDaten_DB10.p
df): PDF inclusion: found PDF version <1.7>, but at most version <1.5> allowed
<../PROGRAMM/EinzelnePdfs/GlobaleDaten_DB10.pdf, id=82, page=6, 845.07724pt x 1
194.98447pt>
File: ../PROGRAMM/EinzelnePdfs/GlobaleDaten_DB10.pdf Graphic file (type pdf)
<use ../PROGRAMM/EinzelnePdfs/GlobaleDaten_DB10.pdf, page 6>
Package pdftex.def Info: ../PROGRAMM/EinzelnePdfs/GlobaleDaten_DB10.pdf , page6
 used on input line 46.
(pdftex.def)             Requested size: 676.06271pt x 955.98888pt.
File: ../PROGRAMM/EinzelnePdfs/GlobaleDaten_DB10.pdf Graphic file (type pdf)
<use ../PROGRAMM/EinzelnePdfs/GlobaleDaten_DB10.pdf, page 6>
Package pdftex.def Info: ../PROGRAMM/EinzelnePdfs/GlobaleDaten_DB10.pdf , page6
 used on input line 46.
(pdftex.def)             Requested size: 676.06271pt x 955.98888pt.
File: ../PROGRAMM/EinzelnePdfs/GlobaleDaten_DB10.pdf Graphic file (type pdf)
<use ../PROGRAMM/EinzelnePdfs/GlobaleDaten_DB10.pdf, page 6>
Package pdftex.def Info: ../PROGRAMM/EinzelnePdfs/GlobaleDaten_DB10.pdf , page6
 used on input line 46.
(pdftex.def)             Requested size: 676.06271pt x 955.98888pt.
[7 <../PROGRAMM/EinzelnePdfs/GlobaleDaten_DB10.pdf>]

pdfTeX warning: pdflatex.exe (file ../PROGRAMM/EinzelnePdfs/GlobaleDaten_DB10.p
df): PDF inclusion: found PDF version <1.7>, but at most version <1.5> allowed
<../PROGRAMM/EinzelnePdfs/GlobaleDaten_DB10.pdf, id=89, page=7, 845.07724pt x 1
194.98447pt>
File: ../PROGRAMM/EinzelnePdfs/GlobaleDaten_DB10.pdf Graphic file (type pdf)
<use ../PROGRAMM/EinzelnePdfs/GlobaleDaten_DB10.pdf, page 7>
Package pdftex.def Info: ../PROGRAMM/EinzelnePdfs/GlobaleDaten_DB10.pdf , page7
 used on input line 46.
(pdftex.def)             Requested size: 676.06271pt x 955.98888pt.
File: ../PROGRAMM/EinzelnePdfs/GlobaleDaten_DB10.pdf Graphic file (type pdf)
<use ../PROGRAMM/EinzelnePdfs/GlobaleDaten_DB10.pdf, page 7>
Package pdftex.def Info: ../PROGRAMM/EinzelnePdfs/GlobaleDaten_DB10.pdf , page7
 used on input line 46.
(pdftex.def)             Requested size: 676.06271pt x 955.98888pt.
File: ../PROGRAMM/EinzelnePdfs/GlobaleDaten_DB10.pdf Graphic file (type pdf)
<use ../PROGRAMM/EinzelnePdfs/GlobaleDaten_DB10.pdf, page 7>
Package pdftex.def Info: ../PROGRAMM/EinzelnePdfs/GlobaleDaten_DB10.pdf , page7
 used on input line 46.
(pdftex.def)             Requested size: 676.06271pt x 955.98888pt.
[8 <../PROGRAMM/EinzelnePdfs/GlobaleDaten_DB10.pdf>]

pdfTeX warning: pdflatex.exe (file ../PROGRAMM/EinzelnePdfs/GlobaleDaten_DB10.p
df): PDF inclusion: found PDF version <1.7>, but at most version <1.5> allowed
<../PROGRAMM/EinzelnePdfs/GlobaleDaten_DB10.pdf, id=95, page=8, 845.07724pt x 1
194.98447pt>
File: ../PROGRAMM/EinzelnePdfs/GlobaleDaten_DB10.pdf Graphic file (type pdf)
<use ../PROGRAMM/EinzelnePdfs/GlobaleDaten_DB10.pdf, page 8>
Package pdftex.def Info: ../PROGRAMM/EinzelnePdfs/GlobaleDaten_DB10.pdf , page8
 used on input line 46.
(pdftex.def)             Requested size: 676.06271pt x 955.98888pt.
File: ../PROGRAMM/EinzelnePdfs/GlobaleDaten_DB10.pdf Graphic file (type pdf)
<use ../PROGRAMM/EinzelnePdfs/GlobaleDaten_DB10.pdf, page 8>
Package pdftex.def Info: ../PROGRAMM/EinzelnePdfs/GlobaleDaten_DB10.pdf , page8
 used on input line 46.
(pdftex.def)             Requested size: 676.06271pt x 955.98888pt.
File: ../PROGRAMM/EinzelnePdfs/GlobaleDaten_DB10.pdf Graphic file (type pdf)
<use ../PROGRAMM/EinzelnePdfs/GlobaleDaten_DB10.pdf, page 8>
Package pdftex.def Info: ../PROGRAMM/EinzelnePdfs/GlobaleDaten_DB10.pdf , page8
 used on input line 46.
(pdftex.def)             Requested size: 676.06271pt x 955.98888pt.
[9 <../PROGRAMM/EinzelnePdfs/GlobaleDaten_DB10.pdf>]

pdfTeX warning: pdflatex.exe (file ../PROGRAMM/EinzelnePdfs/OB1.pdf): PDF inclu
sion: found PDF version <1.7>, but at most version <1.5> allowed
<../PROGRAMM/EinzelnePdfs/OB1.pdf, id=101, 845.07724pt x 1194.98447pt>
File: ../PROGRAMM/EinzelnePdfs/OB1.pdf Graphic file (type pdf)
<use ../PROGRAMM/EinzelnePdfs/OB1.pdf>
Package pdftex.def Info: ../PROGRAMM/EinzelnePdfs/OB1.pdf  used on input line 4
7.
(pdftex.def)             Requested size: 845.07518pt x 1194.98155pt.


pdfTeX warning: pdflatex.exe (file ../PROGRAMM/EinzelnePdfs/OB1.pdf): PDF inclu
sion: found PDF version <1.7>, but at most version <1.5> allowed
File: ../PROGRAMM/EinzelnePdfs/OB1.pdf Graphic file (type pdf)
<use ../PROGRAMM/EinzelnePdfs/OB1.pdf>
Package pdftex.def Info: ../PROGRAMM/EinzelnePdfs/OB1.pdf  used on input line 4
7.
(pdftex.def)             Requested size: 845.07518pt x 1194.98155pt.


pdfTeX warning: pdflatex.exe (file ../PROGRAMM/EinzelnePdfs/OB1.pdf): PDF inclu
sion: found PDF version <1.7>, but at most version <1.5> allowed


pdfTeX warning: pdflatex.exe (file ../PROGRAMM/EinzelnePdfs/OB1.pdf): PDF inclu
sion: found PDF version <1.7>, but at most version <1.5> allowed
<../PROGRAMM/EinzelnePdfs/OB1.pdf, id=104, page=1, 845.07724pt x 1194.98447pt>
File: ../PROGRAMM/EinzelnePdfs/OB1.pdf Graphic file (type pdf)
<use ../PROGRAMM/EinzelnePdfs/OB1.pdf, page 1>
Package pdftex.def Info: ../PROGRAMM/EinzelnePdfs/OB1.pdf , page1 used on input
 line 47.
(pdftex.def)             Requested size: 845.07518pt x 1194.98155pt.
File: ../PROGRAMM/EinzelnePdfs/OB1.pdf Graphic file (type pdf)
<use ../PROGRAMM/EinzelnePdfs/OB1.pdf, page 1>
Package pdftex.def Info: ../PROGRAMM/EinzelnePdfs/OB1.pdf , page1 used on input
 line 47.
(pdftex.def)             Requested size: 676.06271pt x 955.98888pt.
File: ../PROGRAMM/EinzelnePdfs/OB1.pdf Graphic file (type pdf)
<use ../PROGRAMM/EinzelnePdfs/OB1.pdf, page 1>
Package pdftex.def Info: ../PROGRAMM/EinzelnePdfs/OB1.pdf , page1 used on input
 line 47.
(pdftex.def)             Requested size: 676.06271pt x 955.98888pt.
File: ../PROGRAMM/EinzelnePdfs/OB1.pdf Graphic file (type pdf)
<use ../PROGRAMM/EinzelnePdfs/OB1.pdf, page 1>
Package pdftex.def Info: ../PROGRAMM/EinzelnePdfs/OB1.pdf , page1 used on input
 line 47.
(pdftex.def)             Requested size: 676.06271pt x 955.98888pt.
File: ../PROGRAMM/EinzelnePdfs/OB1.pdf Graphic file (type pdf)
<use ../PROGRAMM/EinzelnePdfs/OB1.pdf, page 1>
Package pdftex.def Info: ../PROGRAMM/EinzelnePdfs/OB1.pdf , page1 used on input
 line 47.
(pdftex.def)             Requested size: 676.06271pt x 955.98888pt.
[10 <../PROGRAMM/EinzelnePdfs/OB1.pdf>]

pdfTeX warning: pdflatex.exe (file ../PROGRAMM/EinzelnePdfs/OB1.pdf): PDF inclu
sion: found PDF version <1.7>, but at most version <1.5> allowed
<../PROGRAMM/EinzelnePdfs/OB1.pdf, id=127, page=2, 845.07724pt x 1194.98447pt>
File: ../PROGRAMM/EinzelnePdfs/OB1.pdf Graphic file (type pdf)
<use ../PROGRAMM/EinzelnePdfs/OB1.pdf, page 2>
Package pdftex.def Info: ../PROGRAMM/EinzelnePdfs/OB1.pdf , page2 used on input
 line 47.
(pdftex.def)             Requested size: 676.06271pt x 955.98888pt.
File: ../PROGRAMM/EinzelnePdfs/OB1.pdf Graphic file (type pdf)
<use ../PROGRAMM/EinzelnePdfs/OB1.pdf, page 2>
Package pdftex.def Info: ../PROGRAMM/EinzelnePdfs/OB1.pdf , page2 used on input
 line 47.
(pdftex.def)             Requested size: 676.06271pt x 955.98888pt.
File: ../PROGRAMM/EinzelnePdfs/OB1.pdf Graphic file (type pdf)
<use ../PROGRAMM/EinzelnePdfs/OB1.pdf, page 2>
Package pdftex.def Info: ../PROGRAMM/EinzelnePdfs/OB1.pdf , page2 used on input
 line 47.
(pdftex.def)             Requested size: 676.06271pt x 955.98888pt.
[11 <../PROGRAMM/EinzelnePdfs/OB1.pdf>]

pdfTeX warning: pdflatex.exe (file ../PROGRAMM/EinzelnePdfs/OB1.pdf): PDF inclu
sion: found PDF version <1.7>, but at most version <1.5> allowed
<../PROGRAMM/EinzelnePdfs/OB1.pdf, id=134, page=3, 845.07724pt x 1194.98447pt>
File: ../PROGRAMM/EinzelnePdfs/OB1.pdf Graphic file (type pdf)
<use ../PROGRAMM/EinzelnePdfs/OB1.pdf, page 3>
Package pdftex.def Info: ../PROGRAMM/EinzelnePdfs/OB1.pdf , page3 used on input
 line 47.
(pdftex.def)             Requested size: 676.06271pt x 955.98888pt.
File: ../PROGRAMM/EinzelnePdfs/OB1.pdf Graphic file (type pdf)
<use ../PROGRAMM/EinzelnePdfs/OB1.pdf, page 3>
Package pdftex.def Info: ../PROGRAMM/EinzelnePdfs/OB1.pdf , page3 used on input
 line 47.
(pdftex.def)             Requested size: 676.06271pt x 955.98888pt.
File: ../PROGRAMM/EinzelnePdfs/OB1.pdf Graphic file (type pdf)
<use ../PROGRAMM/EinzelnePdfs/OB1.pdf, page 3>
Package pdftex.def Info: ../PROGRAMM/EinzelnePdfs/OB1.pdf , page3 used on input
 line 47.
(pdftex.def)             Requested size: 676.06271pt x 955.98888pt.
[12 <../PROGRAMM/EinzelnePdfs/OB1.pdf>]

pdfTeX warning: pdflatex.exe (file ../PROGRAMM/EinzelnePdfs/Inputs.pdf): PDF in
clusion: found PDF version <1.7>, but at most version <1.5> allowed
<../PROGRAMM/EinzelnePdfs/Inputs.pdf, id=141, 845.07724pt x 1194.98447pt>
File: ../PROGRAMM/EinzelnePdfs/Inputs.pdf Graphic file (type pdf)
<use ../PROGRAMM/EinzelnePdfs/Inputs.pdf>
Package pdftex.def Info: ../PROGRAMM/EinzelnePdfs/Inputs.pdf  used on input lin
e 48.
(pdftex.def)             Requested size: 845.07518pt x 1194.98155pt.


pdfTeX warning: pdflatex.exe (file ../PROGRAMM/EinzelnePdfs/Inputs.pdf): PDF in
clusion: found PDF version <1.7>, but at most version <1.5> allowed
File: ../PROGRAMM/EinzelnePdfs/Inputs.pdf Graphic file (type pdf)
<use ../PROGRAMM/EinzelnePdfs/Inputs.pdf>
Package pdftex.def Info: ../PROGRAMM/EinzelnePdfs/Inputs.pdf  used on input lin
e 48.
(pdftex.def)             Requested size: 845.07518pt x 1194.98155pt.


pdfTeX warning: pdflatex.exe (file ../PROGRAMM/EinzelnePdfs/Inputs.pdf): PDF in
clusion: found PDF version <1.7>, but at most version <1.5> allowed


pdfTeX warning: pdflatex.exe (file ../PROGRAMM/EinzelnePdfs/Inputs.pdf): PDF in
clusion: found PDF version <1.7>, but at most version <1.5> allowed
<../PROGRAMM/EinzelnePdfs/Inputs.pdf, id=144, page=1, 845.07724pt x 1194.98447p
t>
File: ../PROGRAMM/EinzelnePdfs/Inputs.pdf Graphic file (type pdf)
<use ../PROGRAMM/EinzelnePdfs/Inputs.pdf, page 1>
Package pdftex.def Info: ../PROGRAMM/EinzelnePdfs/Inputs.pdf , page1 used on in
put line 48.
(pdftex.def)             Requested size: 845.07518pt x 1194.98155pt.
File: ../PROGRAMM/EinzelnePdfs/Inputs.pdf Graphic file (type pdf)
<use ../PROGRAMM/EinzelnePdfs/Inputs.pdf, page 1>
Package pdftex.def Info: ../PROGRAMM/EinzelnePdfs/Inputs.pdf , page1 used on in
put line 48.
(pdftex.def)             Requested size: 676.06271pt x 955.98888pt.
File: ../PROGRAMM/EinzelnePdfs/Inputs.pdf Graphic file (type pdf)
<use ../PROGRAMM/EinzelnePdfs/Inputs.pdf, page 1>
Package pdftex.def Info: ../PROGRAMM/EinzelnePdfs/Inputs.pdf , page1 used on in
put line 48.
(pdftex.def)             Requested size: 676.06271pt x 955.98888pt.
File: ../PROGRAMM/EinzelnePdfs/Inputs.pdf Graphic file (type pdf)
<use ../PROGRAMM/EinzelnePdfs/Inputs.pdf, page 1>
Package pdftex.def Info: ../PROGRAMM/EinzelnePdfs/Inputs.pdf , page1 used on in
put line 48.
(pdftex.def)             Requested size: 676.06271pt x 955.98888pt.
File: ../PROGRAMM/EinzelnePdfs/Inputs.pdf Graphic file (type pdf)
<use ../PROGRAMM/EinzelnePdfs/Inputs.pdf, page 1>
Package pdftex.def Info: ../PROGRAMM/EinzelnePdfs/Inputs.pdf , page1 used on in
put line 48.
(pdftex.def)             Requested size: 676.06271pt x 955.98888pt.
[13 <../PROGRAMM/EinzelnePdfs/Inputs.pdf>]

pdfTeX warning: pdflatex.exe (file ../PROGRAMM/EinzelnePdfs/Inputs.pdf): PDF in
clusion: found PDF version <1.7>, but at most version <1.5> allowed
<../PROGRAMM/EinzelnePdfs/Inputs.pdf, id=175, page=2, 845.07724pt x 1194.98447p
t>
File: ../PROGRAMM/EinzelnePdfs/Inputs.pdf Graphic file (type pdf)
<use ../PROGRAMM/EinzelnePdfs/Inputs.pdf, page 2>
Package pdftex.def Info: ../PROGRAMM/EinzelnePdfs/Inputs.pdf , page2 used on in
put line 48.
(pdftex.def)             Requested size: 676.06271pt x 955.98888pt.
File: ../PROGRAMM/EinzelnePdfs/Inputs.pdf Graphic file (type pdf)
<use ../PROGRAMM/EinzelnePdfs/Inputs.pdf, page 2>
Package pdftex.def Info: ../PROGRAMM/EinzelnePdfs/Inputs.pdf , page2 used on in
put line 48.
(pdftex.def)             Requested size: 676.06271pt x 955.98888pt.
File: ../PROGRAMM/EinzelnePdfs/Inputs.pdf Graphic file (type pdf)
<use ../PROGRAMM/EinzelnePdfs/Inputs.pdf, page 2>
Package pdftex.def Info: ../PROGRAMM/EinzelnePdfs/Inputs.pdf , page2 used on in
put line 48.
(pdftex.def)             Requested size: 676.06271pt x 955.98888pt.
[14 <../PROGRAMM/EinzelnePdfs/Inputs.pdf>]

pdfTeX warning: pdflatex.exe (file ../PROGRAMM/EinzelnePdfs/Inputs.pdf): PDF in
clusion: found PDF version <1.7>, but at most version <1.5> allowed
<../PROGRAMM/EinzelnePdfs/Inputs.pdf, id=181, page=3, 845.07724pt x 1194.98447p
t>
File: ../PROGRAMM/EinzelnePdfs/Inputs.pdf Graphic file (type pdf)
<use ../PROGRAMM/EinzelnePdfs/Inputs.pdf, page 3>
Package pdftex.def Info: ../PROGRAMM/EinzelnePdfs/Inputs.pdf , page3 used on in
put line 48.
(pdftex.def)             Requested size: 676.06271pt x 955.98888pt.
File: ../PROGRAMM/EinzelnePdfs/Inputs.pdf Graphic file (type pdf)
<use ../PROGRAMM/EinzelnePdfs/Inputs.pdf, page 3>
Package pdftex.def Info: ../PROGRAMM/EinzelnePdfs/Inputs.pdf , page3 used on in
put line 48.
(pdftex.def)             Requested size: 676.06271pt x 955.98888pt.
File: ../PROGRAMM/EinzelnePdfs/Inputs.pdf Graphic file (type pdf)
<use ../PROGRAMM/EinzelnePdfs/Inputs.pdf, page 3>
Package pdftex.def Info: ../PROGRAMM/EinzelnePdfs/Inputs.pdf , page3 used on in
put line 48.
(pdftex.def)             Requested size: 676.06271pt x 955.98888pt.
[15 <../PROGRAMM/EinzelnePdfs/Inputs.pdf>]

pdfTeX warning: pdflatex.exe (file ../PROGRAMM/EinzelnePdfs/Freigaben_Betriebsa
rten.pdf): PDF inclusion: found PDF version <1.7>, but at most version <1.5> al
lowed
<../PROGRAMM/EinzelnePdfs/Freigaben_Betriebsarten.pdf, id=187, 845.07724pt x 11
94.98447pt>
File: ../PROGRAMM/EinzelnePdfs/Freigaben_Betriebsarten.pdf Graphic file (type p
df)
<use ../PROGRAMM/EinzelnePdfs/Freigaben_Betriebsarten.pdf>
Package pdftex.def Info: ../PROGRAMM/EinzelnePdfs/Freigaben_Betriebsarten.pdf  
used on input line 49.
(pdftex.def)             Requested size: 845.07518pt x 1194.98155pt.


pdfTeX warning: pdflatex.exe (file ../PROGRAMM/EinzelnePdfs/Freigaben_Betriebsa
rten.pdf): PDF inclusion: found PDF version <1.7>, but at most version <1.5> al
lowed
File: ../PROGRAMM/EinzelnePdfs/Freigaben_Betriebsarten.pdf Graphic file (type p
df)
<use ../PROGRAMM/EinzelnePdfs/Freigaben_Betriebsarten.pdf>
Package pdftex.def Info: ../PROGRAMM/EinzelnePdfs/Freigaben_Betriebsarten.pdf  
used on input line 49.
(pdftex.def)             Requested size: 845.07518pt x 1194.98155pt.


pdfTeX warning: pdflatex.exe (file ../PROGRAMM/EinzelnePdfs/Freigaben_Betriebsa
rten.pdf): PDF inclusion: found PDF version <1.7>, but at most version <1.5> al
lowed


pdfTeX warning: pdflatex.exe (file ../PROGRAMM/EinzelnePdfs/Freigaben_Betriebsa
rten.pdf): PDF inclusion: found PDF version <1.7>, but at most version <1.5> al
lowed
<../PROGRAMM/EinzelnePdfs/Freigaben_Betriebsarten.pdf, id=190, page=1, 845.0772
4pt x 1194.98447pt>
File: ../PROGRAMM/EinzelnePdfs/Freigaben_Betriebsarten.pdf Graphic file (type p
df)
<use ../PROGRAMM/EinzelnePdfs/Freigaben_Betriebsarten.pdf, page 1>
Package pdftex.def Info: ../PROGRAMM/EinzelnePdfs/Freigaben_Betriebsarten.pdf ,
 page1 used on input line 49.
(pdftex.def)             Requested size: 845.07518pt x 1194.98155pt.
File: ../PROGRAMM/EinzelnePdfs/Freigaben_Betriebsarten.pdf Graphic file (type p
df)
<use ../PROGRAMM/EinzelnePdfs/Freigaben_Betriebsarten.pdf, page 1>
Package pdftex.def Info: ../PROGRAMM/EinzelnePdfs/Freigaben_Betriebsarten.pdf ,
 page1 used on input line 49.
(pdftex.def)             Requested size: 676.06271pt x 955.98888pt.
File: ../PROGRAMM/EinzelnePdfs/Freigaben_Betriebsarten.pdf Graphic file (type p
df)
<use ../PROGRAMM/EinzelnePdfs/Freigaben_Betriebsarten.pdf, page 1>
Package pdftex.def Info: ../PROGRAMM/EinzelnePdfs/Freigaben_Betriebsarten.pdf ,
 page1 used on input line 49.
(pdftex.def)             Requested size: 676.06271pt x 955.98888pt.
File: ../PROGRAMM/EinzelnePdfs/Freigaben_Betriebsarten.pdf Graphic file (type p
df)
<use ../PROGRAMM/EinzelnePdfs/Freigaben_Betriebsarten.pdf, page 1>
Package pdftex.def Info: ../PROGRAMM/EinzelnePdfs/Freigaben_Betriebsarten.pdf ,
 page1 used on input line 49.
(pdftex.def)             Requested size: 676.06271pt x 955.98888pt.
File: ../PROGRAMM/EinzelnePdfs/Freigaben_Betriebsarten.pdf Graphic file (type p
df)
<use ../PROGRAMM/EinzelnePdfs/Freigaben_Betriebsarten.pdf, page 1>
Package pdftex.def Info: ../PROGRAMM/EinzelnePdfs/Freigaben_Betriebsarten.pdf ,
 page1 used on input line 49.
(pdftex.def)             Requested size: 676.06271pt x 955.98888pt.
[16 <../PROGRAMM/EinzelnePdfs/Freigaben_Betriebsarten.pdf>]

pdfTeX warning: pdflatex.exe (file ../PROGRAMM/EinzelnePdfs/Freigaben_Betriebsa
rten.pdf): PDF inclusion: found PDF version <1.7>, but at most version <1.5> al
lowed
<../PROGRAMM/EinzelnePdfs/Freigaben_Betriebsarten.pdf, id=220, page=2, 845.0772
4pt x 1194.98447pt>
File: ../PROGRAMM/EinzelnePdfs/Freigaben_Betriebsarten.pdf Graphic file (type p
df)
<use ../PROGRAMM/EinzelnePdfs/Freigaben_Betriebsarten.pdf, page 2>
Package pdftex.def Info: ../PROGRAMM/EinzelnePdfs/Freigaben_Betriebsarten.pdf ,
 page2 used on input line 49.
(pdftex.def)             Requested size: 676.06271pt x 955.98888pt.
File: ../PROGRAMM/EinzelnePdfs/Freigaben_Betriebsarten.pdf Graphic file (type p
df)
<use ../PROGRAMM/EinzelnePdfs/Freigaben_Betriebsarten.pdf, page 2>
Package pdftex.def Info: ../PROGRAMM/EinzelnePdfs/Freigaben_Betriebsarten.pdf ,
 page2 used on input line 49.
(pdftex.def)             Requested size: 676.06271pt x 955.98888pt.
File: ../PROGRAMM/EinzelnePdfs/Freigaben_Betriebsarten.pdf Graphic file (type p
df)
<use ../PROGRAMM/EinzelnePdfs/Freigaben_Betriebsarten.pdf, page 2>
Package pdftex.def Info: ../PROGRAMM/EinzelnePdfs/Freigaben_Betriebsarten.pdf ,
 page2 used on input line 49.
(pdftex.def)             Requested size: 676.06271pt x 955.98888pt.
[17 <../PROGRAMM/EinzelnePdfs/Freigaben_Betriebsarten.pdf>]

pdfTeX warning: pdflatex.exe (file ../PROGRAMM/EinzelnePdfs/Freigaben_Betriebsa
rten.pdf): PDF inclusion: found PDF version <1.7>, but at most version <1.5> al
lowed
<../PROGRAMM/EinzelnePdfs/Freigaben_Betriebsarten.pdf, id=226, page=3, 845.0772
4pt x 1194.98447pt>
File: ../PROGRAMM/EinzelnePdfs/Freigaben_Betriebsarten.pdf Graphic file (type p
df)
<use ../PROGRAMM/EinzelnePdfs/Freigaben_Betriebsarten.pdf, page 3>
Package pdftex.def Info: ../PROGRAMM/EinzelnePdfs/Freigaben_Betriebsarten.pdf ,
 page3 used on input line 49.
(pdftex.def)             Requested size: 676.06271pt x 955.98888pt.
File: ../PROGRAMM/EinzelnePdfs/Freigaben_Betriebsarten.pdf Graphic file (type p
df)
<use ../PROGRAMM/EinzelnePdfs/Freigaben_Betriebsarten.pdf, page 3>
Package pdftex.def Info: ../PROGRAMM/EinzelnePdfs/Freigaben_Betriebsarten.pdf ,
 page3 used on input line 49.
(pdftex.def)             Requested size: 676.06271pt x 955.98888pt.
File: ../PROGRAMM/EinzelnePdfs/Freigaben_Betriebsarten.pdf Graphic file (type p
df)
<use ../PROGRAMM/EinzelnePdfs/Freigaben_Betriebsarten.pdf, page 3>
Package pdftex.def Info: ../PROGRAMM/EinzelnePdfs/Freigaben_Betriebsarten.pdf ,
 page3 used on input line 49.
(pdftex.def)             Requested size: 676.06271pt x 955.98888pt.
[18 <../PROGRAMM/EinzelnePdfs/Freigaben_Betriebsarten.pdf>]

pdfTeX warning: pdflatex.exe (file ../PROGRAMM/EinzelnePdfs/HMI.pdf): PDF inclu
sion: found PDF version <1.7>, but at most version <1.5> allowed
<../PROGRAMM/EinzelnePdfs/HMI.pdf, id=232, 845.07724pt x 1194.98447pt>
File: ../PROGRAMM/EinzelnePdfs/HMI.pdf Graphic file (type pdf)
<use ../PROGRAMM/EinzelnePdfs/HMI.pdf>
Package pdftex.def Info: ../PROGRAMM/EinzelnePdfs/HMI.pdf  used on input line 5
1.
(pdftex.def)             Requested size: 845.07518pt x 1194.98155pt.


pdfTeX warning: pdflatex.exe (file ../PROGRAMM/EinzelnePdfs/HMI.pdf): PDF inclu
sion: found PDF version <1.7>, but at most version <1.5> allowed
File: ../PROGRAMM/EinzelnePdfs/HMI.pdf Graphic file (type pdf)
<use ../PROGRAMM/EinzelnePdfs/HMI.pdf>
Package pdftex.def Info: ../PROGRAMM/EinzelnePdfs/HMI.pdf  used on input line 5
1.
(pdftex.def)             Requested size: 845.07518pt x 1194.98155pt.


pdfTeX warning: pdflatex.exe (file ../PROGRAMM/EinzelnePdfs/HMI.pdf): PDF inclu
sion: found PDF version <1.7>, but at most version <1.5> allowed


pdfTeX warning: pdflatex.exe (file ../PROGRAMM/EinzelnePdfs/HMI.pdf): PDF inclu
sion: found PDF version <1.7>, but at most version <1.5> allowed
<../PROGRAMM/EinzelnePdfs/HMI.pdf, id=235, page=1, 845.07724pt x 1194.98447pt>
File: ../PROGRAMM/EinzelnePdfs/HMI.pdf Graphic file (type pdf)
<use ../PROGRAMM/EinzelnePdfs/HMI.pdf, page 1>
Package pdftex.def Info: ../PROGRAMM/EinzelnePdfs/HMI.pdf , page1 used on input
 line 51.
(pdftex.def)             Requested size: 845.07518pt x 1194.98155pt.
File: ../PROGRAMM/EinzelnePdfs/HMI.pdf Graphic file (type pdf)
<use ../PROGRAMM/EinzelnePdfs/HMI.pdf, page 1>
Package pdftex.def Info: ../PROGRAMM/EinzelnePdfs/HMI.pdf , page1 used on input
 line 51.
(pdftex.def)             Requested size: 676.06271pt x 955.98888pt.
File: ../PROGRAMM/EinzelnePdfs/HMI.pdf Graphic file (type pdf)
<use ../PROGRAMM/EinzelnePdfs/HMI.pdf, page 1>
Package pdftex.def Info: ../PROGRAMM/EinzelnePdfs/HMI.pdf , page1 used on input
 line 51.
(pdftex.def)             Requested size: 676.06271pt x 955.98888pt.
File: ../PROGRAMM/EinzelnePdfs/HMI.pdf Graphic file (type pdf)
<use ../PROGRAMM/EinzelnePdfs/HMI.pdf, page 1>
Package pdftex.def Info: ../PROGRAMM/EinzelnePdfs/HMI.pdf , page1 used on input
 line 51.
(pdftex.def)             Requested size: 676.06271pt x 955.98888pt.
File: ../PROGRAMM/EinzelnePdfs/HMI.pdf Graphic file (type pdf)
<use ../PROGRAMM/EinzelnePdfs/HMI.pdf, page 1>
Package pdftex.def Info: ../PROGRAMM/EinzelnePdfs/HMI.pdf , page1 used on input
 line 51.
(pdftex.def)             Requested size: 676.06271pt x 955.98888pt.
[19 <../PROGRAMM/EinzelnePdfs/HMI.pdf>]

pdfTeX warning: pdflatex.exe (file ../PROGRAMM/EinzelnePdfs/HMI.pdf): PDF inclu
sion: found PDF version <1.7>, but at most version <1.5> allowed
<../PROGRAMM/EinzelnePdfs/HMI.pdf, id=266, page=2, 845.07724pt x 1194.98447pt>
File: ../PROGRAMM/EinzelnePdfs/HMI.pdf Graphic file (type pdf)
<use ../PROGRAMM/EinzelnePdfs/HMI.pdf, page 2>
Package pdftex.def Info: ../PROGRAMM/EinzelnePdfs/HMI.pdf , page2 used on input
 line 51.
(pdftex.def)             Requested size: 676.06271pt x 955.98888pt.
File: ../PROGRAMM/EinzelnePdfs/HMI.pdf Graphic file (type pdf)
<use ../PROGRAMM/EinzelnePdfs/HMI.pdf, page 2>
Package pdftex.def Info: ../PROGRAMM/EinzelnePdfs/HMI.pdf , page2 used on input
 line 51.
(pdftex.def)             Requested size: 676.06271pt x 955.98888pt.
File: ../PROGRAMM/EinzelnePdfs/HMI.pdf Graphic file (type pdf)
<use ../PROGRAMM/EinzelnePdfs/HMI.pdf, page 2>
Package pdftex.def Info: ../PROGRAMM/EinzelnePdfs/HMI.pdf , page2 used on input
 line 51.
(pdftex.def)             Requested size: 676.06271pt x 955.98888pt.
[20 <../PROGRAMM/EinzelnePdfs/HMI.pdf>]

pdfTeX warning: pdflatex.exe (file ../PROGRAMM/EinzelnePdfs/HMI.pdf): PDF inclu
sion: found PDF version <1.7>, but at most version <1.5> allowed
<../PROGRAMM/EinzelnePdfs/HMI.pdf, id=272, page=3, 845.07724pt x 1194.98447pt>
File: ../PROGRAMM/EinzelnePdfs/HMI.pdf Graphic file (type pdf)
<use ../PROGRAMM/EinzelnePdfs/HMI.pdf, page 3>
Package pdftex.def Info: ../PROGRAMM/EinzelnePdfs/HMI.pdf , page3 used on input
 line 51.
(pdftex.def)             Requested size: 676.06271pt x 955.98888pt.
File: ../PROGRAMM/EinzelnePdfs/HMI.pdf Graphic file (type pdf)
<use ../PROGRAMM/EinzelnePdfs/HMI.pdf, page 3>
Package pdftex.def Info: ../PROGRAMM/EinzelnePdfs/HMI.pdf , page3 used on input
 line 51.
(pdftex.def)             Requested size: 676.06271pt x 955.98888pt.
File: ../PROGRAMM/EinzelnePdfs/HMI.pdf Graphic file (type pdf)
<use ../PROGRAMM/EinzelnePdfs/HMI.pdf, page 3>
Package pdftex.def Info: ../PROGRAMM/EinzelnePdfs/HMI.pdf , page3 used on input
 line 51.
(pdftex.def)             Requested size: 676.06271pt x 955.98888pt.
[21 <../PROGRAMM/EinzelnePdfs/HMI.pdf>]

pdfTeX warning: pdflatex.exe (file ../PROGRAMM/EinzelnePdfs/HMI.pdf): PDF inclu
sion: found PDF version <1.7>, but at most version <1.5> allowed
<../PROGRAMM/EinzelnePdfs/HMI.pdf, id=278, page=4, 845.07724pt x 1194.98447pt>
File: ../PROGRAMM/EinzelnePdfs/HMI.pdf Graphic file (type pdf)
<use ../PROGRAMM/EinzelnePdfs/HMI.pdf, page 4>
Package pdftex.def Info: ../PROGRAMM/EinzelnePdfs/HMI.pdf , page4 used on input
 line 51.
(pdftex.def)             Requested size: 676.06271pt x 955.98888pt.
File: ../PROGRAMM/EinzelnePdfs/HMI.pdf Graphic file (type pdf)
<use ../PROGRAMM/EinzelnePdfs/HMI.pdf, page 4>
Package pdftex.def Info: ../PROGRAMM/EinzelnePdfs/HMI.pdf , page4 used on input
 line 51.
(pdftex.def)             Requested size: 676.06271pt x 955.98888pt.
File: ../PROGRAMM/EinzelnePdfs/HMI.pdf Graphic file (type pdf)
<use ../PROGRAMM/EinzelnePdfs/HMI.pdf, page 4>
Package pdftex.def Info: ../PROGRAMM/EinzelnePdfs/HMI.pdf , page4 used on input
 line 51.
(pdftex.def)             Requested size: 676.06271pt x 955.98888pt.
[22 <../PROGRAMM/EinzelnePdfs/HMI.pdf>]

pdfTeX warning: pdflatex.exe (file ../PROGRAMM/EinzelnePdfs/Lager.pdf): PDF inc
lusion: found PDF version <1.7>, but at most version <1.5> allowed
<../PROGRAMM/EinzelnePdfs/Lager.pdf, id=284, 597.55246pt x 845.07724pt>
File: ../PROGRAMM/EinzelnePdfs/Lager.pdf Graphic file (type pdf)
<use ../PROGRAMM/EinzelnePdfs/Lager.pdf>
Package pdftex.def Info: ../PROGRAMM/EinzelnePdfs/Lager.pdf  used on input line
 52.
(pdftex.def)             Requested size: 597.551pt x 845.07518pt.


pdfTeX warning: pdflatex.exe (file ../PROGRAMM/EinzelnePdfs/Lager.pdf): PDF inc
lusion: found PDF version <1.7>, but at most version <1.5> allowed
File: ../PROGRAMM/EinzelnePdfs/Lager.pdf Graphic file (type pdf)
<use ../PROGRAMM/EinzelnePdfs/Lager.pdf>
Package pdftex.def Info: ../PROGRAMM/EinzelnePdfs/Lager.pdf  used on input line
 52.
(pdftex.def)             Requested size: 597.551pt x 845.07518pt.


pdfTeX warning: pdflatex.exe (file ../PROGRAMM/EinzelnePdfs/Lager.pdf): PDF inc
lusion: found PDF version <1.7>, but at most version <1.5> allowed


pdfTeX warning: pdflatex.exe (file ../PROGRAMM/EinzelnePdfs/Lager.pdf): PDF inc
lusion: found PDF version <1.7>, but at most version <1.5> allowed
<../PROGRAMM/EinzelnePdfs/Lager.pdf, id=287, page=1, 597.55246pt x 845.07724pt>

File: ../PROGRAMM/EinzelnePdfs/Lager.pdf Graphic file (type pdf)
<use ../PROGRAMM/EinzelnePdfs/Lager.pdf, page 1>
Package pdftex.def Info: ../PROGRAMM/EinzelnePdfs/Lager.pdf , page1 used on inp
ut line 52.
(pdftex.def)             Requested size: 597.551pt x 845.07518pt.
File: ../PROGRAMM/EinzelnePdfs/Lager.pdf Graphic file (type pdf)
<use ../PROGRAMM/EinzelnePdfs/Lager.pdf, page 1>
Package pdftex.def Info: ../PROGRAMM/EinzelnePdfs/Lager.pdf , page1 used on inp
ut line 52.
(pdftex.def)             Requested size: 478.04262pt x 676.06271pt.
File: ../PROGRAMM/EinzelnePdfs/Lager.pdf Graphic file (type pdf)
<use ../PROGRAMM/EinzelnePdfs/Lager.pdf, page 1>
Package pdftex.def Info: ../PROGRAMM/EinzelnePdfs/Lager.pdf , page1 used on inp
ut line 52.
(pdftex.def)             Requested size: 478.04262pt x 676.06271pt.
File: ../PROGRAMM/EinzelnePdfs/Lager.pdf Graphic file (type pdf)
<use ../PROGRAMM/EinzelnePdfs/Lager.pdf, page 1>
Package pdftex.def Info: ../PROGRAMM/EinzelnePdfs/Lager.pdf , page1 used on inp
ut line 52.
(pdftex.def)             Requested size: 478.04262pt x 676.06271pt.
File: ../PROGRAMM/EinzelnePdfs/Lager.pdf Graphic file (type pdf)
<use ../PROGRAMM/EinzelnePdfs/Lager.pdf, page 1>
Package pdftex.def Info: ../PROGRAMM/EinzelnePdfs/Lager.pdf , page1 used on inp
ut line 52.
(pdftex.def)             Requested size: 478.04262pt x 676.06271pt.
[23 <../PROGRAMM/EinzelnePdfs/Lager.pdf>]

pdfTeX warning: pdflatex.exe (file ../PROGRAMM/EinzelnePdfs/Lager.pdf): PDF inc
lusion: found PDF version <1.7>, but at most version <1.5> allowed
<../PROGRAMM/EinzelnePdfs/Lager.pdf, id=301, page=2, 597.55246pt x 845.07724pt>

File: ../PROGRAMM/EinzelnePdfs/Lager.pdf Graphic file (type pdf)
<use ../PROGRAMM/EinzelnePdfs/Lager.pdf, page 2>
Package pdftex.def Info: ../PROGRAMM/EinzelnePdfs/Lager.pdf , page2 used on inp
ut line 52.
(pdftex.def)             Requested size: 478.04262pt x 676.06271pt.
File: ../PROGRAMM/EinzelnePdfs/Lager.pdf Graphic file (type pdf)
<use ../PROGRAMM/EinzelnePdfs/Lager.pdf, page 2>
Package pdftex.def Info: ../PROGRAMM/EinzelnePdfs/Lager.pdf , page2 used on inp
ut line 52.
(pdftex.def)             Requested size: 478.04262pt x 676.06271pt.
File: ../PROGRAMM/EinzelnePdfs/Lager.pdf Graphic file (type pdf)
<use ../PROGRAMM/EinzelnePdfs/Lager.pdf, page 2>
Package pdftex.def Info: ../PROGRAMM/EinzelnePdfs/Lager.pdf , page2 used on inp
ut line 52.
(pdftex.def)             Requested size: 478.04262pt x 676.06271pt.
[24 <../PROGRAMM/EinzelnePdfs/Lager.pdf>]

pdfTeX warning: pdflatex.exe (file ../PROGRAMM/EinzelnePdfs/Lager.pdf): PDF inc
lusion: found PDF version <1.7>, but at most version <1.5> allowed
<../PROGRAMM/EinzelnePdfs/Lager.pdf, id=307, page=3, 597.55246pt x 845.07724pt>

File: ../PROGRAMM/EinzelnePdfs/Lager.pdf Graphic file (type pdf)
<use ../PROGRAMM/EinzelnePdfs/Lager.pdf, page 3>
Package pdftex.def Info: ../PROGRAMM/EinzelnePdfs/Lager.pdf , page3 used on inp
ut line 52.
(pdftex.def)             Requested size: 478.04262pt x 676.06271pt.
File: ../PROGRAMM/EinzelnePdfs/Lager.pdf Graphic file (type pdf)
<use ../PROGRAMM/EinzelnePdfs/Lager.pdf, page 3>
Package pdftex.def Info: ../PROGRAMM/EinzelnePdfs/Lager.pdf , page3 used on inp
ut line 52.
(pdftex.def)             Requested size: 478.04262pt x 676.06271pt.
File: ../PROGRAMM/EinzelnePdfs/Lager.pdf Graphic file (type pdf)
<use ../PROGRAMM/EinzelnePdfs/Lager.pdf, page 3>
Package pdftex.def Info: ../PROGRAMM/EinzelnePdfs/Lager.pdf , page3 used on inp
ut line 52.
(pdftex.def)             Requested size: 478.04262pt x 676.06271pt.
[25 <../PROGRAMM/EinzelnePdfs/Lager.pdf>]

pdfTeX warning: pdflatex.exe (file ../PROGRAMM/EinzelnePdfs/Lager.pdf): PDF inc
lusion: found PDF version <1.7>, but at most version <1.5> allowed
<../PROGRAMM/EinzelnePdfs/Lager.pdf, id=314, page=4, 597.55246pt x 845.07724pt>

File: ../PROGRAMM/EinzelnePdfs/Lager.pdf Graphic file (type pdf)
<use ../PROGRAMM/EinzelnePdfs/Lager.pdf, page 4>
Package pdftex.def Info: ../PROGRAMM/EinzelnePdfs/Lager.pdf , page4 used on inp
ut line 52.
(pdftex.def)             Requested size: 478.04262pt x 676.06271pt.
File: ../PROGRAMM/EinzelnePdfs/Lager.pdf Graphic file (type pdf)
<use ../PROGRAMM/EinzelnePdfs/Lager.pdf, page 4>
Package pdftex.def Info: ../PROGRAMM/EinzelnePdfs/Lager.pdf , page4 used on inp
ut line 52.
(pdftex.def)             Requested size: 478.04262pt x 676.06271pt.
File: ../PROGRAMM/EinzelnePdfs/Lager.pdf Graphic file (type pdf)
<use ../PROGRAMM/EinzelnePdfs/Lager.pdf, page 4>
Package pdftex.def Info: ../PROGRAMM/EinzelnePdfs/Lager.pdf , page4 used on inp
ut line 52.
(pdftex.def)             Requested size: 478.04262pt x 676.06271pt.
[26 <../PROGRAMM/EinzelnePdfs/Lager.pdf>]

pdfTeX warning: pdflatex.exe (file ../PROGRAMM/EinzelnePdfs/Lager.pdf): PDF inc
lusion: found PDF version <1.7>, but at most version <1.5> allowed
<../PROGRAMM/EinzelnePdfs/Lager.pdf, id=320, page=5, 597.55246pt x 845.07724pt>

File: ../PROGRAMM/EinzelnePdfs/Lager.pdf Graphic file (type pdf)
<use ../PROGRAMM/EinzelnePdfs/Lager.pdf, page 5>
Package pdftex.def Info: ../PROGRAMM/EinzelnePdfs/Lager.pdf , page5 used on inp
ut line 52.
(pdftex.def)             Requested size: 478.04262pt x 676.06271pt.
File: ../PROGRAMM/EinzelnePdfs/Lager.pdf Graphic file (type pdf)
<use ../PROGRAMM/EinzelnePdfs/Lager.pdf, page 5>
Package pdftex.def Info: ../PROGRAMM/EinzelnePdfs/Lager.pdf , page5 used on inp
ut line 52.
(pdftex.def)             Requested size: 478.04262pt x 676.06271pt.
File: ../PROGRAMM/EinzelnePdfs/Lager.pdf Graphic file (type pdf)
<use ../PROGRAMM/EinzelnePdfs/Lager.pdf, page 5>
Package pdftex.def Info: ../PROGRAMM/EinzelnePdfs/Lager.pdf , page5 used on inp
ut line 52.
(pdftex.def)             Requested size: 478.04262pt x 676.06271pt.
[27 <../PROGRAMM/EinzelnePdfs/Lager.pdf>]

pdfTeX warning: pdflatex.exe (file ../PROGRAMM/EinzelnePdfs/Lager.pdf): PDF inc
lusion: found PDF version <1.7>, but at most version <1.5> allowed
<../PROGRAMM/EinzelnePdfs/Lager.pdf, id=326, page=6, 597.55246pt x 845.07724pt>

File: ../PROGRAMM/EinzelnePdfs/Lager.pdf Graphic file (type pdf)
<use ../PROGRAMM/EinzelnePdfs/Lager.pdf, page 6>
Package pdftex.def Info: ../PROGRAMM/EinzelnePdfs/Lager.pdf , page6 used on inp
ut line 52.
(pdftex.def)             Requested size: 478.04262pt x 676.06271pt.
File: ../PROGRAMM/EinzelnePdfs/Lager.pdf Graphic file (type pdf)
<use ../PROGRAMM/EinzelnePdfs/Lager.pdf, page 6>
Package pdftex.def Info: ../PROGRAMM/EinzelnePdfs/Lager.pdf , page6 used on inp
ut line 52.
(pdftex.def)             Requested size: 478.04262pt x 676.06271pt.
File: ../PROGRAMM/EinzelnePdfs/Lager.pdf Graphic file (type pdf)
<use ../PROGRAMM/EinzelnePdfs/Lager.pdf, page 6>
Package pdftex.def Info: ../PROGRAMM/EinzelnePdfs/Lager.pdf , page6 used on inp
ut line 52.
(pdftex.def)             Requested size: 478.04262pt x 676.06271pt.
[28 <../PROGRAMM/EinzelnePdfs/Lager.pdf>]

pdfTeX warning: pdflatex.exe (file ../PROGRAMM/EinzelnePdfs/Lager.pdf): PDF inc
lusion: found PDF version <1.7>, but at most version <1.5> allowed
<../PROGRAMM/EinzelnePdfs/Lager.pdf, id=332, page=7, 597.55246pt x 845.07724pt>

File: ../PROGRAMM/EinzelnePdfs/Lager.pdf Graphic file (type pdf)
<use ../PROGRAMM/EinzelnePdfs/Lager.pdf, page 7>
Package pdftex.def Info: ../PROGRAMM/EinzelnePdfs/Lager.pdf , page7 used on inp
ut line 52.
(pdftex.def)             Requested size: 478.04262pt x 676.06271pt.
File: ../PROGRAMM/EinzelnePdfs/Lager.pdf Graphic file (type pdf)
<use ../PROGRAMM/EinzelnePdfs/Lager.pdf, page 7>
Package pdftex.def Info: ../PROGRAMM/EinzelnePdfs/Lager.pdf , page7 used on inp
ut line 52.
(pdftex.def)             Requested size: 478.04262pt x 676.06271pt.
File: ../PROGRAMM/EinzelnePdfs/Lager.pdf Graphic file (type pdf)
<use ../PROGRAMM/EinzelnePdfs/Lager.pdf, page 7>
Package pdftex.def Info: ../PROGRAMM/EinzelnePdfs/Lager.pdf , page7 used on inp
ut line 52.
(pdftex.def)             Requested size: 478.04262pt x 676.06271pt.
[29 <../PROGRAMM/EinzelnePdfs/Lager.pdf>]

pdfTeX warning: pdflatex.exe (file ../PROGRAMM/EinzelnePdfs/Lager.pdf): PDF inc
lusion: found PDF version <1.7>, but at most version <1.5> allowed
<../PROGRAMM/EinzelnePdfs/Lager.pdf, id=338, page=8, 597.55246pt x 845.07724pt>

File: ../PROGRAMM/EinzelnePdfs/Lager.pdf Graphic file (type pdf)
<use ../PROGRAMM/EinzelnePdfs/Lager.pdf, page 8>
Package pdftex.def Info: ../PROGRAMM/EinzelnePdfs/Lager.pdf , page8 used on inp
ut line 52.
(pdftex.def)             Requested size: 478.04262pt x 676.06271pt.
File: ../PROGRAMM/EinzelnePdfs/Lager.pdf Graphic file (type pdf)
<use ../PROGRAMM/EinzelnePdfs/Lager.pdf, page 8>
Package pdftex.def Info: ../PROGRAMM/EinzelnePdfs/Lager.pdf , page8 used on inp
ut line 52.
(pdftex.def)             Requested size: 478.04262pt x 676.06271pt.
File: ../PROGRAMM/EinzelnePdfs/Lager.pdf Graphic file (type pdf)
<use ../PROGRAMM/EinzelnePdfs/Lager.pdf, page 8>
Package pdftex.def Info: ../PROGRAMM/EinzelnePdfs/Lager.pdf , page8 used on inp
ut line 52.
(pdftex.def)             Requested size: 478.04262pt x 676.06271pt.
[30 <../PROGRAMM/EinzelnePdfs/Lager.pdf>]

pdfTeX warning: pdflatex.exe (file ../PROGRAMM/EinzelnePdfs/Lager.pdf): PDF inc
lusion: found PDF version <1.7>, but at most version <1.5> allowed
<../PROGRAMM/EinzelnePdfs/Lager.pdf, id=344, page=9, 597.55246pt x 845.07724pt>

File: ../PROGRAMM/EinzelnePdfs/Lager.pdf Graphic file (type pdf)
<use ../PROGRAMM/EinzelnePdfs/Lager.pdf, page 9>
Package pdftex.def Info: ../PROGRAMM/EinzelnePdfs/Lager.pdf , page9 used on inp
ut line 52.
(pdftex.def)             Requested size: 478.04262pt x 676.06271pt.
File: ../PROGRAMM/EinzelnePdfs/Lager.pdf Graphic file (type pdf)
<use ../PROGRAMM/EinzelnePdfs/Lager.pdf, page 9>
Package pdftex.def Info: ../PROGRAMM/EinzelnePdfs/Lager.pdf , page9 used on inp
ut line 52.
(pdftex.def)             Requested size: 478.04262pt x 676.06271pt.
File: ../PROGRAMM/EinzelnePdfs/Lager.pdf Graphic file (type pdf)
<use ../PROGRAMM/EinzelnePdfs/Lager.pdf, page 9>
Package pdftex.def Info: ../PROGRAMM/EinzelnePdfs/Lager.pdf , page9 used on inp
ut line 52.
(pdftex.def)             Requested size: 478.04262pt x 676.06271pt.
[31 <../PROGRAMM/EinzelnePdfs/Lager.pdf>]

pdfTeX warning: pdflatex.exe (file ../PROGRAMM/EinzelnePdfs/Lager.pdf): PDF inc
lusion: found PDF version <1.7>, but at most version <1.5> allowed
<../PROGRAMM/EinzelnePdfs/Lager.pdf, id=351, page=10, 597.55246pt x 845.07724pt
>
File: ../PROGRAMM/EinzelnePdfs/Lager.pdf Graphic file (type pdf)
<use ../PROGRAMM/EinzelnePdfs/Lager.pdf, page 10>
Package pdftex.def Info: ../PROGRAMM/EinzelnePdfs/Lager.pdf , page10 used on in
put line 52.
(pdftex.def)             Requested size: 478.04262pt x 676.06271pt.
File: ../PROGRAMM/EinzelnePdfs/Lager.pdf Graphic file (type pdf)
<use ../PROGRAMM/EinzelnePdfs/Lager.pdf, page 10>
Package pdftex.def Info: ../PROGRAMM/EinzelnePdfs/Lager.pdf , page10 used on in
put line 52.
(pdftex.def)             Requested size: 478.04262pt x 676.06271pt.
File: ../PROGRAMM/EinzelnePdfs/Lager.pdf Graphic file (type pdf)
<use ../PROGRAMM/EinzelnePdfs/Lager.pdf, page 10>
Package pdftex.def Info: ../PROGRAMM/EinzelnePdfs/Lager.pdf , page10 used on in
put line 52.
(pdftex.def)             Requested size: 478.04262pt x 676.06271pt.
[32 <../PROGRAMM/EinzelnePdfs/Lager.pdf>]

pdfTeX warning: pdflatex.exe (file ../PROGRAMM/EinzelnePdfs/Lager.pdf): PDF inc
lusion: found PDF version <1.7>, but at most version <1.5> allowed
<../PROGRAMM/EinzelnePdfs/Lager.pdf, id=357, page=11, 597.55246pt x 845.07724pt
>
File: ../PROGRAMM/EinzelnePdfs/Lager.pdf Graphic file (type pdf)
<use ../PROGRAMM/EinzelnePdfs/Lager.pdf, page 11>
Package pdftex.def Info: ../PROGRAMM/EinzelnePdfs/Lager.pdf , page11 used on in
put line 52.
(pdftex.def)             Requested size: 478.04262pt x 676.06271pt.
File: ../PROGRAMM/EinzelnePdfs/Lager.pdf Graphic file (type pdf)
<use ../PROGRAMM/EinzelnePdfs/Lager.pdf, page 11>
Package pdftex.def Info: ../PROGRAMM/EinzelnePdfs/Lager.pdf , page11 used on in
put line 52.
(pdftex.def)             Requested size: 478.04262pt x 676.06271pt.
File: ../PROGRAMM/EinzelnePdfs/Lager.pdf Graphic file (type pdf)
<use ../PROGRAMM/EinzelnePdfs/Lager.pdf, page 11>
Package pdftex.def Info: ../PROGRAMM/EinzelnePdfs/Lager.pdf , page11 used on in
put line 52.
(pdftex.def)             Requested size: 478.04262pt x 676.06271pt.
[33 <../PROGRAMM/EinzelnePdfs/Lager.pdf>]

pdfTeX warning: pdflatex.exe (file ../PROGRAMM/EinzelnePdfs/Lager.pdf): PDF inc
lusion: found PDF version <1.7>, but at most version <1.5> allowed
<../PROGRAMM/EinzelnePdfs/Lager.pdf, id=363, page=12, 597.55246pt x 845.07724pt
>
File: ../PROGRAMM/EinzelnePdfs/Lager.pdf Graphic file (type pdf)
<use ../PROGRAMM/EinzelnePdfs/Lager.pdf, page 12>
Package pdftex.def Info: ../PROGRAMM/EinzelnePdfs/Lager.pdf , page12 used on in
put line 52.
(pdftex.def)             Requested size: 478.04262pt x 676.06271pt.
File: ../PROGRAMM/EinzelnePdfs/Lager.pdf Graphic file (type pdf)
<use ../PROGRAMM/EinzelnePdfs/Lager.pdf, page 12>
Package pdftex.def Info: ../PROGRAMM/EinzelnePdfs/Lager.pdf , page12 used on in
put line 52.
(pdftex.def)             Requested size: 478.04262pt x 676.06271pt.
File: ../PROGRAMM/EinzelnePdfs/Lager.pdf Graphic file (type pdf)
<use ../PROGRAMM/EinzelnePdfs/Lager.pdf, page 12>
Package pdftex.def Info: ../PROGRAMM/EinzelnePdfs/Lager.pdf , page12 used on in
put line 52.
(pdftex.def)             Requested size: 478.04262pt x 676.06271pt.
[34 <../PROGRAMM/EinzelnePdfs/Lager.pdf>]

pdfTeX warning: pdflatex.exe (file ../PROGRAMM/EinzelnePdfs/Lager.pdf): PDF inc
lusion: found PDF version <1.7>, but at most version <1.5> allowed
<../PROGRAMM/EinzelnePdfs/Lager.pdf, id=369, page=13, 597.55246pt x 845.07724pt
>
File: ../PROGRAMM/EinzelnePdfs/Lager.pdf Graphic file (type pdf)
<use ../PROGRAMM/EinzelnePdfs/Lager.pdf, page 13>
Package pdftex.def Info: ../PROGRAMM/EinzelnePdfs/Lager.pdf , page13 used on in
put line 52.
(pdftex.def)             Requested size: 478.04262pt x 676.06271pt.
File: ../PROGRAMM/EinzelnePdfs/Lager.pdf Graphic file (type pdf)
<use ../PROGRAMM/EinzelnePdfs/Lager.pdf, page 13>
Package pdftex.def Info: ../PROGRAMM/EinzelnePdfs/Lager.pdf , page13 used on in
put line 52.
(pdftex.def)             Requested size: 478.04262pt x 676.06271pt.
File: ../PROGRAMM/EinzelnePdfs/Lager.pdf Graphic file (type pdf)
<use ../PROGRAMM/EinzelnePdfs/Lager.pdf, page 13>
Package pdftex.def Info: ../PROGRAMM/EinzelnePdfs/Lager.pdf , page13 used on in
put line 52.
(pdftex.def)             Requested size: 478.04262pt x 676.06271pt.
[35 <../PROGRAMM/EinzelnePdfs/Lager.pdf>]

pdfTeX warning: pdflatex.exe (file ../PROGRAMM/EinzelnePdfs/Lager.pdf): PDF inc
lusion: found PDF version <1.7>, but at most version <1.5> allowed
<../PROGRAMM/EinzelnePdfs/Lager.pdf, id=375, page=14, 597.55246pt x 845.07724pt
>
File: ../PROGRAMM/EinzelnePdfs/Lager.pdf Graphic file (type pdf)
<use ../PROGRAMM/EinzelnePdfs/Lager.pdf, page 14>
Package pdftex.def Info: ../PROGRAMM/EinzelnePdfs/Lager.pdf , page14 used on in
put line 52.
(pdftex.def)             Requested size: 478.04262pt x 676.06271pt.
File: ../PROGRAMM/EinzelnePdfs/Lager.pdf Graphic file (type pdf)
<use ../PROGRAMM/EinzelnePdfs/Lager.pdf, page 14>
Package pdftex.def Info: ../PROGRAMM/EinzelnePdfs/Lager.pdf , page14 used on in
put line 52.
(pdftex.def)             Requested size: 478.04262pt x 676.06271pt.
File: ../PROGRAMM/EinzelnePdfs/Lager.pdf Graphic file (type pdf)
<use ../PROGRAMM/EinzelnePdfs/Lager.pdf, page 14>
Package pdftex.def Info: ../PROGRAMM/EinzelnePdfs/Lager.pdf , page14 used on in
put line 52.
(pdftex.def)             Requested size: 478.04262pt x 676.06271pt.
[36 <../PROGRAMM/EinzelnePdfs/Lager.pdf>]

pdfTeX warning: pdflatex.exe (file ../PROGRAMM/EinzelnePdfs/Lager.pdf): PDF inc
lusion: found PDF version <1.7>, but at most version <1.5> allowed
<../PROGRAMM/EinzelnePdfs/Lager.pdf, id=381, page=15, 597.55246pt x 845.07724pt
>
File: ../PROGRAMM/EinzelnePdfs/Lager.pdf Graphic file (type pdf)
<use ../PROGRAMM/EinzelnePdfs/Lager.pdf, page 15>
Package pdftex.def Info: ../PROGRAMM/EinzelnePdfs/Lager.pdf , page15 used on in
put line 52.
(pdftex.def)             Requested size: 478.04262pt x 676.06271pt.
File: ../PROGRAMM/EinzelnePdfs/Lager.pdf Graphic file (type pdf)
<use ../PROGRAMM/EinzelnePdfs/Lager.pdf, page 15>
Package pdftex.def Info: ../PROGRAMM/EinzelnePdfs/Lager.pdf , page15 used on in
put line 52.
(pdftex.def)             Requested size: 478.04262pt x 676.06271pt.
File: ../PROGRAMM/EinzelnePdfs/Lager.pdf Graphic file (type pdf)
<use ../PROGRAMM/EinzelnePdfs/Lager.pdf, page 15>
Package pdftex.def Info: ../PROGRAMM/EinzelnePdfs/Lager.pdf , page15 used on in
put line 52.
(pdftex.def)             Requested size: 478.04262pt x 676.06271pt.
[37 <../PROGRAMM/EinzelnePdfs/Lager.pdf>]

pdfTeX warning: pdflatex.exe (file ../PROGRAMM/EinzelnePdfs/Lager.pdf): PDF inc
lusion: found PDF version <1.7>, but at most version <1.5> allowed
<../PROGRAMM/EinzelnePdfs/Lager.pdf, id=388, page=16, 597.55246pt x 845.07724pt
>
File: ../PROGRAMM/EinzelnePdfs/Lager.pdf Graphic file (type pdf)
<use ../PROGRAMM/EinzelnePdfs/Lager.pdf, page 16>
Package pdftex.def Info: ../PROGRAMM/EinzelnePdfs/Lager.pdf , page16 used on in
put line 52.
(pdftex.def)             Requested size: 478.04262pt x 676.06271pt.
File: ../PROGRAMM/EinzelnePdfs/Lager.pdf Graphic file (type pdf)
<use ../PROGRAMM/EinzelnePdfs/Lager.pdf, page 16>
Package pdftex.def Info: ../PROGRAMM/EinzelnePdfs/Lager.pdf , page16 used on in
put line 52.
(pdftex.def)             Requested size: 478.04262pt x 676.06271pt.
File: ../PROGRAMM/EinzelnePdfs/Lager.pdf Graphic file (type pdf)
<use ../PROGRAMM/EinzelnePdfs/Lager.pdf, page 16>
Package pdftex.def Info: ../PROGRAMM/EinzelnePdfs/Lager.pdf , page16 used on in
put line 52.
(pdftex.def)             Requested size: 478.04262pt x 676.06271pt.
[38 <../PROGRAMM/EinzelnePdfs/Lager.pdf>]

pdfTeX warning: pdflatex.exe (file ../PROGRAMM/EinzelnePdfs/Lager.pdf): PDF inc
lusion: found PDF version <1.7>, but at most version <1.5> allowed
<../PROGRAMM/EinzelnePdfs/Lager.pdf, id=394, page=17, 597.55246pt x 845.07724pt
>
File: ../PROGRAMM/EinzelnePdfs/Lager.pdf Graphic file (type pdf)
<use ../PROGRAMM/EinzelnePdfs/Lager.pdf, page 17>
Package pdftex.def Info: ../PROGRAMM/EinzelnePdfs/Lager.pdf , page17 used on in
put line 52.
(pdftex.def)             Requested size: 478.04262pt x 676.06271pt.
File: ../PROGRAMM/EinzelnePdfs/Lager.pdf Graphic file (type pdf)
<use ../PROGRAMM/EinzelnePdfs/Lager.pdf, page 17>
Package pdftex.def Info: ../PROGRAMM/EinzelnePdfs/Lager.pdf , page17 used on in
put line 52.
(pdftex.def)             Requested size: 478.04262pt x 676.06271pt.
File: ../PROGRAMM/EinzelnePdfs/Lager.pdf Graphic file (type pdf)
<use ../PROGRAMM/EinzelnePdfs/Lager.pdf, page 17>
Package pdftex.def Info: ../PROGRAMM/EinzelnePdfs/Lager.pdf , page17 used on in
put line 52.
(pdftex.def)             Requested size: 478.04262pt x 676.06271pt.
[39 <../PROGRAMM/EinzelnePdfs/Lager.pdf>]

pdfTeX warning: pdflatex.exe (file ../PROGRAMM/EinzelnePdfs/Outputs.pdf): PDF i
nclusion: found PDF version <1.7>, but at most version <1.5> allowed
<../PROGRAMM/EinzelnePdfs/Outputs.pdf, id=400, 845.07724pt x 1194.98447pt>
File: ../PROGRAMM/EinzelnePdfs/Outputs.pdf Graphic file (type pdf)
<use ../PROGRAMM/EinzelnePdfs/Outputs.pdf>
Package pdftex.def Info: ../PROGRAMM/EinzelnePdfs/Outputs.pdf  used on input li
ne 54.
(pdftex.def)             Requested size: 845.07518pt x 1194.98155pt.


pdfTeX warning: pdflatex.exe (file ../PROGRAMM/EinzelnePdfs/Outputs.pdf): PDF i
nclusion: found PDF version <1.7>, but at most version <1.5> allowed
File: ../PROGRAMM/EinzelnePdfs/Outputs.pdf Graphic file (type pdf)
<use ../PROGRAMM/EinzelnePdfs/Outputs.pdf>
Package pdftex.def Info: ../PROGRAMM/EinzelnePdfs/Outputs.pdf  used on input li
ne 54.
(pdftex.def)             Requested size: 845.07518pt x 1194.98155pt.


pdfTeX warning: pdflatex.exe (file ../PROGRAMM/EinzelnePdfs/Outputs.pdf): PDF i
nclusion: found PDF version <1.7>, but at most version <1.5> allowed


pdfTeX warning: pdflatex.exe (file ../PROGRAMM/EinzelnePdfs/Outputs.pdf): PDF i
nclusion: found PDF version <1.7>, but at most version <1.5> allowed
<../PROGRAMM/EinzelnePdfs/Outputs.pdf, id=403, page=1, 845.07724pt x 1194.98447
pt>
File: ../PROGRAMM/EinzelnePdfs/Outputs.pdf Graphic file (type pdf)
<use ../PROGRAMM/EinzelnePdfs/Outputs.pdf, page 1>
Package pdftex.def Info: ../PROGRAMM/EinzelnePdfs/Outputs.pdf , page1 used on i
nput line 54.
(pdftex.def)             Requested size: 845.07518pt x 1194.98155pt.
File: ../PROGRAMM/EinzelnePdfs/Outputs.pdf Graphic file (type pdf)
<use ../PROGRAMM/EinzelnePdfs/Outputs.pdf, page 1>
Package pdftex.def Info: ../PROGRAMM/EinzelnePdfs/Outputs.pdf , page1 used on i
nput line 54.
(pdftex.def)             Requested size: 676.06271pt x 955.98888pt.
File: ../PROGRAMM/EinzelnePdfs/Outputs.pdf Graphic file (type pdf)
<use ../PROGRAMM/EinzelnePdfs/Outputs.pdf, page 1>
Package pdftex.def Info: ../PROGRAMM/EinzelnePdfs/Outputs.pdf , page1 used on i
nput line 54.
(pdftex.def)             Requested size: 676.06271pt x 955.98888pt.
File: ../PROGRAMM/EinzelnePdfs/Outputs.pdf Graphic file (type pdf)
<use ../PROGRAMM/EinzelnePdfs/Outputs.pdf, page 1>
Package pdftex.def Info: ../PROGRAMM/EinzelnePdfs/Outputs.pdf , page1 used on i
nput line 54.
(pdftex.def)             Requested size: 676.06271pt x 955.98888pt.
File: ../PROGRAMM/EinzelnePdfs/Outputs.pdf Graphic file (type pdf)
<use ../PROGRAMM/EinzelnePdfs/Outputs.pdf, page 1>
Package pdftex.def Info: ../PROGRAMM/EinzelnePdfs/Outputs.pdf , page1 used on i
nput line 54.
(pdftex.def)             Requested size: 676.06271pt x 955.98888pt.
[40 <../PROGRAMM/EinzelnePdfs/Outputs.pdf>]

pdfTeX warning: pdflatex.exe (file ../PROGRAMM/EinzelnePdfs/Outputs.pdf): PDF i
nclusion: found PDF version <1.7>, but at most version <1.5> allowed
<../PROGRAMM/EinzelnePdfs/Outputs.pdf, id=434, page=2, 845.07724pt x 1194.98447
pt>
File: ../PROGRAMM/EinzelnePdfs/Outputs.pdf Graphic file (type pdf)
<use ../PROGRAMM/EinzelnePdfs/Outputs.pdf, page 2>
Package pdftex.def Info: ../PROGRAMM/EinzelnePdfs/Outputs.pdf , page2 used on i
nput line 54.
(pdftex.def)             Requested size: 676.06271pt x 955.98888pt.
File: ../PROGRAMM/EinzelnePdfs/Outputs.pdf Graphic file (type pdf)
<use ../PROGRAMM/EinzelnePdfs/Outputs.pdf, page 2>
Package pdftex.def Info: ../PROGRAMM/EinzelnePdfs/Outputs.pdf , page2 used on i
nput line 54.
(pdftex.def)             Requested size: 676.06271pt x 955.98888pt.
File: ../PROGRAMM/EinzelnePdfs/Outputs.pdf Graphic file (type pdf)
<use ../PROGRAMM/EinzelnePdfs/Outputs.pdf, page 2>
Package pdftex.def Info: ../PROGRAMM/EinzelnePdfs/Outputs.pdf , page2 used on i
nput line 54.
(pdftex.def)             Requested size: 676.06271pt x 955.98888pt.
[41 <../PROGRAMM/EinzelnePdfs/Outputs.pdf>]
Package atveryend Info: Empty hook `BeforeClearDocument' on input line 55.
Package atveryend Info: Empty hook `AfterLastShipout' on input line 55.

(C:\Users\Admin\Desktop\Projekt_Fachakademie\_LATEX\auxFiles\SPS_Programm.aux)
Package atveryend Info: Executing hook `AtVeryEndDocument' on input line 55.
Package atveryend Info: Executing hook `AtEndAfterFileList' on input line 55.
Package rerunfilecheck Info: File `SPS_Programm.out' has not changed.
(rerunfilecheck)             Checksum: D41D8CD98F00B204E9800998ECF8427E;0.
Package atveryend Info: Empty hook `AtVeryVeryEnd' on input line 55.
 )
(\end occurred inside a group at level 1)

### simple group (level 1) entered at line 30 ({)
### bottom level 
Here is how much of TeX's memory you used:
 10229 strings out of 492449
 178661 string characters out of 3129738
 389701 words of memory out of 3000000
 14322 multiletter control sequences out of 15000+200000
 9450 words of font info for 23 fonts, out of 3000000 for 9000
 1141 hyphenation exceptions out of 8191
 45i,19n,60p,10073b,539s stack positions out of 5000i,500n,10000p,200000b,50000s
pdfTeX warning (dest): name{Out} has been referenced but does n
ot exist, replaced by a fixed one

 <C:\Users\Admin\AppData\Local\MiKTeX\2.9\fonts/pk/ljfour/jknappen/ec/dpi600\ec
rm1095.pk> <C:\Users\Admin\AppData\Local\MiKTeX\2.9\fonts/pk/ljfour/jknappen/ec
/dpi600\ecbx1000.pk> <C:\Users\Admin\AppData\Local\MiKTeX\2.9\fonts/pk/ljfour/j
knappen/ec/dpi600\ecbx2074.pk> <C:\Users\Admin\AppData\Local\MiKTeX\2.9\fonts/p
k/ljfour/jknappen/ec/dpi600\ecbx2488.pk>
Output written on C:\Users\Admin\Desktop\Projekt_Fachakademie\PROGRAMM\SPS_Prog
ramm.pdf (41 pages, 1163901 bytes).
PDF statistics:
 540 PDF objects out of 1000 (max. 8388607)
 90 named destinations out of 1000 (max. 500000)
 306 words of extra memory for PDF output out of 10000 (max. 10000000)

